18:02:01 INFO  : Launching XSCT server: xsct.bat -n  -interactive C:\Temp\sa2-final\sw\temp_xsdb_launch_script.tcl
18:02:01 INFO  : Registering command handlers for Vitis TCF services
18:02:03 INFO  : XSCT server has started successfully.
18:02:04 INFO  : Platform repository initialization has completed.
18:02:05 INFO  : plnx-install-location is set to ''
18:02:05 INFO  : Successfully done setting XSCT server connection channel  
18:02:05 INFO  : Successfully done query RDI_DATADIR 
18:02:05 INFO  : Successfully done setting workspace for the tool. 
18:02:42 INFO  : Result from executing command 'getProjects': final_proj_wrapper
18:02:42 INFO  : Result from executing command 'getPlatforms': 
18:02:42 INFO  : Platform 'final_proj_wrapper' is added to custom repositories.
18:02:46 INFO  : Platform 'final_proj_wrapper' is added to custom repositories.
18:04:57 INFO  : Launching XSCT server: xsct.bat -n  -interactive C:\Temp\sa2-final\sw\temp_xsdb_launch_script.tcl
18:04:59 INFO  : XSCT server has started successfully.
18:04:59 INFO  : plnx-install-location is set to ''
18:04:59 INFO  : Successfully done setting XSCT server connection channel  
18:04:59 INFO  : Successfully done setting workspace for the tool. 
18:05:00 INFO  : Platform repository initialization has completed.
18:05:01 INFO  : Registering command handlers for Vitis TCF services
18:05:03 INFO  : Successfully done query RDI_DATADIR 
18:15:34 INFO  : Hardware specification for platform project 'final_proj_wrapper' is updated.
18:20:22 INFO  : Hardware specification for platform project 'final_proj_wrapper' is updated.
18:29:09 INFO  : Result from executing command 'getProjects': final_proj_wrapper
18:29:09 INFO  : Result from executing command 'getPlatforms': final_proj_wrapper|C:/Temp/sa2-final/sw/final_proj_wrapper/export/final_proj_wrapper/final_proj_wrapper.xpfm
18:29:09 INFO  : Checking for BSP changes to sync application flags for project 'final_project'...
18:29:10 INFO  : Updating application flags with new BSP settings...
18:29:11 INFO  : Successfully updated application flags for project final_project.
18:29:12 INFO  : Checking for BSP changes to sync application flags for project 'final_project'...
18:31:19 INFO  : Checking for BSP changes to sync application flags for project 'final_project'...
18:32:30 INFO  : Checking for BSP changes to sync application flags for project 'final_project'...
18:33:03 INFO  : Checking for BSP changes to sync application flags for project 'final_project'...
18:33:31 INFO  : The hardware specfication used by project 'final_project' is out of sync with the platform. Resource files extracted from the hardware specfiication will be updated.
18:33:31 INFO  : The file 'C:\Temp\sa2-final\sw\final_project\_ide\bitstream\final_proj_wrapper.bit' stored in project is removed.
18:33:31 INFO  : The updated bitstream files are copied from platform to folder 'C:\Temp\sa2-final\sw\final_project\_ide\bitstream' in project 'final_project'.
18:33:31 INFO  : The file 'C:\Temp\sa2-final\sw\final_project\_ide\psinit\ps7_init.tcl' stored in project is removed.
18:33:34 INFO  : The updated ps init files are copied from platform to folder 'C:\Temp\sa2-final\sw\final_project\_ide\psinit' in project 'final_project'.
18:33:36 INFO  : Connected to target on host '127.0.0.1' and port '3121'.
18:33:55 INFO  : ----------------XSDB Script----------------
connect -url tcp:127.0.0.1:3121
----------------End of Script----------------

18:33:55 ERROR : Could not find ARM device on the board for connection 'Local'.
Check if the target is in:
1. Split JTAG - No operations are possible with ARM DAP.
2. Non JTAG bootmode - Bootrom may need time to enable DAP.
Please try again.


Troubleshooting hints:
1. Check whether board is connected to system properly.
2. In case of zynq board, check whether Digilent/Xilinx cable switch settings are correct.
3. If you are using Xilinx Platform Cable USB, ensure that status LED is green.
18:38:03 INFO  : Connected to target on host '127.0.0.1' and port '3121'.
18:38:03 INFO  : Jtag cable 'Digilent Zed 210248781045' is selected.
18:38:03 INFO  : 'jtag frequency' command is executed.
18:38:03 INFO  : Context for 'APU' is selected.
18:38:03 INFO  : System reset is completed.
18:38:06 INFO  : 'after 3000' command is executed.
18:38:06 INFO  : 'targets -set -filter {jtag_cable_name =~ "Digilent Zed 210248781045" && level==0 && jtag_device_ctx=="jsn-Zed-210248781045-23727093-0"}' command is executed.
18:38:08 INFO  : FPGA configured successfully with bitstream "C:/Temp/sa2-final/sw/final_project/_ide/bitstream/final_proj_wrapper.bit"
18:38:08 INFO  : Context for 'APU' is selected.
18:38:08 INFO  : Hardware design and registers information is loaded from 'C:/Temp/sa2-final/sw/final_proj_wrapper/export/final_proj_wrapper/hw/final_proj_wrapper.xsa'.
18:38:08 INFO  : 'configparams force-mem-access 1' command is executed.
18:38:08 INFO  : Context for 'APU' is selected.
18:38:08 INFO  : Sourcing of 'C:/Temp/sa2-final/sw/final_project/_ide/psinit/ps7_init.tcl' is done.
18:38:09 INFO  : 'ps7_init' command is executed.
18:38:09 INFO  : 'ps7_post_config' command is executed.
18:38:09 INFO  : Context for processor 'ps7_cortexa9_0' is selected.
18:38:09 INFO  : The application 'C:/Temp/sa2-final/sw/final_project/Debug/final_project.elf' is downloaded to processor 'ps7_cortexa9_0'.
18:38:09 INFO  : 'configparams force-mem-access 0' command is executed.
18:38:09 INFO  : ----------------XSDB Script----------------
connect -url tcp:127.0.0.1:3121
targets -set -nocase -filter {name =~"APU*"}
rst -system
after 3000
targets -set -filter {jtag_cable_name =~ "Digilent Zed 210248781045" && level==0 && jtag_device_ctx=="jsn-Zed-210248781045-23727093-0"}
fpga -file C:/Temp/sa2-final/sw/final_project/_ide/bitstream/final_proj_wrapper.bit
targets -set -nocase -filter {name =~"APU*"}
loadhw -hw C:/Temp/sa2-final/sw/final_proj_wrapper/export/final_proj_wrapper/hw/final_proj_wrapper.xsa -mem-ranges [list {0x40000000 0xbfffffff}] -regs
configparams force-mem-access 1
targets -set -nocase -filter {name =~"APU*"}
source C:/Temp/sa2-final/sw/final_project/_ide/psinit/ps7_init.tcl
ps7_init
ps7_post_config
targets -set -nocase -filter {name =~ "*A9*#0"}
dow C:/Temp/sa2-final/sw/final_project/Debug/final_project.elf
configparams force-mem-access 0
----------------End of Script----------------

18:38:09 INFO  : Context for processor 'ps7_cortexa9_0' is selected.
18:38:09 INFO  : 'con' command is executed.
18:38:09 INFO  : ----------------XSDB Script (After Launch)----------------
targets -set -nocase -filter {name =~ "*A9*#0"}
con
----------------End of Script----------------

18:38:09 INFO  : Launch script is exported to file 'C:\Temp\sa2-final\sw\.sdk\launch_scripts\single_application_debug\debugger_final_project-default.tcl'
18:40:24 INFO  : Checking for BSP changes to sync application flags for project 'final_project'...
18:41:36 INFO  : Checking for BSP changes to sync application flags for project 'final_project'...
18:43:41 INFO  : Checking for BSP changes to sync application flags for project 'final_project'...
18:43:44 INFO  : Disconnected from the channel tcfchan#2.
18:43:45 INFO  : Connected to target on host '127.0.0.1' and port '3121'.
18:43:45 INFO  : Jtag cable 'Digilent Zed 210248781045' is selected.
18:43:45 INFO  : 'jtag frequency' command is executed.
18:43:45 INFO  : Context for 'APU' is selected.
18:43:45 INFO  : System reset is completed.
18:43:48 INFO  : 'after 3000' command is executed.
18:43:48 INFO  : 'targets -set -filter {jtag_cable_name =~ "Digilent Zed 210248781045" && level==0 && jtag_device_ctx=="jsn-Zed-210248781045-23727093-0"}' command is executed.
18:43:51 INFO  : FPGA configured successfully with bitstream "C:/Temp/sa2-final/sw/final_project/_ide/bitstream/final_proj_wrapper.bit"
18:43:51 INFO  : Context for 'APU' is selected.
18:43:51 INFO  : Hardware design and registers information is loaded from 'C:/Temp/sa2-final/sw/final_proj_wrapper/export/final_proj_wrapper/hw/final_proj_wrapper.xsa'.
18:43:51 INFO  : 'configparams force-mem-access 1' command is executed.
18:43:51 INFO  : Context for 'APU' is selected.
18:43:51 INFO  : Sourcing of 'C:/Temp/sa2-final/sw/final_project/_ide/psinit/ps7_init.tcl' is done.
18:43:51 INFO  : 'ps7_init' command is executed.
18:43:51 INFO  : 'ps7_post_config' command is executed.
18:43:51 INFO  : Context for processor 'ps7_cortexa9_0' is selected.
18:43:51 INFO  : The application 'C:/Temp/sa2-final/sw/final_project/Debug/final_project.elf' is downloaded to processor 'ps7_cortexa9_0'.
18:43:51 INFO  : 'configparams force-mem-access 0' command is executed.
18:43:51 INFO  : ----------------XSDB Script----------------
connect -url tcp:127.0.0.1:3121
targets -set -nocase -filter {name =~"APU*"}
rst -system
after 3000
targets -set -filter {jtag_cable_name =~ "Digilent Zed 210248781045" && level==0 && jtag_device_ctx=="jsn-Zed-210248781045-23727093-0"}
fpga -file C:/Temp/sa2-final/sw/final_project/_ide/bitstream/final_proj_wrapper.bit
targets -set -nocase -filter {name =~"APU*"}
loadhw -hw C:/Temp/sa2-final/sw/final_proj_wrapper/export/final_proj_wrapper/hw/final_proj_wrapper.xsa -mem-ranges [list {0x40000000 0xbfffffff}] -regs
configparams force-mem-access 1
targets -set -nocase -filter {name =~"APU*"}
source C:/Temp/sa2-final/sw/final_project/_ide/psinit/ps7_init.tcl
ps7_init
ps7_post_config
targets -set -nocase -filter {name =~ "*A9*#0"}
dow C:/Temp/sa2-final/sw/final_project/Debug/final_project.elf
configparams force-mem-access 0
----------------End of Script----------------

18:43:51 INFO  : Context for processor 'ps7_cortexa9_0' is selected.
18:43:51 INFO  : 'con' command is executed.
18:43:51 INFO  : ----------------XSDB Script (After Launch)----------------
targets -set -nocase -filter {name =~ "*A9*#0"}
con
----------------End of Script----------------

18:43:51 INFO  : Launch script is exported to file 'C:\Temp\sa2-final\sw\.sdk\launch_scripts\single_application_debug\debugger_final_project-default.tcl'
18:44:18 INFO  : Checking for BSP changes to sync application flags for project 'final_project'...
18:44:23 INFO  : Disconnected from the channel tcfchan#3.
18:44:24 INFO  : Connected to target on host '127.0.0.1' and port '3121'.
18:44:24 INFO  : Jtag cable 'Digilent Zed 210248781045' is selected.
18:44:24 INFO  : 'jtag frequency' command is executed.
18:44:24 INFO  : Context for 'APU' is selected.
18:44:24 INFO  : System reset is completed.
18:44:27 INFO  : 'after 3000' command is executed.
18:44:27 INFO  : 'targets -set -filter {jtag_cable_name =~ "Digilent Zed 210248781045" && level==0 && jtag_device_ctx=="jsn-Zed-210248781045-23727093-0"}' command is executed.
18:44:29 INFO  : FPGA configured successfully with bitstream "C:/Temp/sa2-final/sw/final_project/_ide/bitstream/final_proj_wrapper.bit"
18:44:29 INFO  : Context for 'APU' is selected.
18:44:29 INFO  : Hardware design and registers information is loaded from 'C:/Temp/sa2-final/sw/final_proj_wrapper/export/final_proj_wrapper/hw/final_proj_wrapper.xsa'.
18:44:29 INFO  : 'configparams force-mem-access 1' command is executed.
18:44:29 INFO  : Context for 'APU' is selected.
18:44:29 INFO  : Sourcing of 'C:/Temp/sa2-final/sw/final_project/_ide/psinit/ps7_init.tcl' is done.
18:44:30 INFO  : 'ps7_init' command is executed.
18:44:30 INFO  : 'ps7_post_config' command is executed.
18:44:30 INFO  : Context for processor 'ps7_cortexa9_0' is selected.
18:44:30 INFO  : The application 'C:/Temp/sa2-final/sw/final_project/Debug/final_project.elf' is downloaded to processor 'ps7_cortexa9_0'.
18:44:30 INFO  : 'configparams force-mem-access 0' command is executed.
18:44:30 INFO  : ----------------XSDB Script----------------
connect -url tcp:127.0.0.1:3121
targets -set -nocase -filter {name =~"APU*"}
rst -system
after 3000
targets -set -filter {jtag_cable_name =~ "Digilent Zed 210248781045" && level==0 && jtag_device_ctx=="jsn-Zed-210248781045-23727093-0"}
fpga -file C:/Temp/sa2-final/sw/final_project/_ide/bitstream/final_proj_wrapper.bit
targets -set -nocase -filter {name =~"APU*"}
loadhw -hw C:/Temp/sa2-final/sw/final_proj_wrapper/export/final_proj_wrapper/hw/final_proj_wrapper.xsa -mem-ranges [list {0x40000000 0xbfffffff}] -regs
configparams force-mem-access 1
targets -set -nocase -filter {name =~"APU*"}
source C:/Temp/sa2-final/sw/final_project/_ide/psinit/ps7_init.tcl
ps7_init
ps7_post_config
targets -set -nocase -filter {name =~ "*A9*#0"}
dow C:/Temp/sa2-final/sw/final_project/Debug/final_project.elf
configparams force-mem-access 0
----------------End of Script----------------

18:44:30 INFO  : Context for processor 'ps7_cortexa9_0' is selected.
18:44:30 INFO  : 'con' command is executed.
18:44:30 INFO  : ----------------XSDB Script (After Launch)----------------
targets -set -nocase -filter {name =~ "*A9*#0"}
con
----------------End of Script----------------

18:44:30 INFO  : Launch script is exported to file 'C:\Temp\sa2-final\sw\.sdk\launch_scripts\single_application_debug\debugger_final_project-default.tcl'
18:55:31 INFO  : Checking for BSP changes to sync application flags for project 'final_project'...
18:55:37 INFO  : Disconnected from the channel tcfchan#4.
18:55:38 INFO  : Connected to target on host '127.0.0.1' and port '3121'.
18:55:38 INFO  : Jtag cable 'Digilent Zed 210248781045' is selected.
18:55:38 INFO  : 'jtag frequency' command is executed.
18:55:38 INFO  : Context for 'APU' is selected.
18:55:38 INFO  : System reset is completed.
18:55:41 INFO  : 'after 3000' command is executed.
18:55:41 INFO  : 'targets -set -filter {jtag_cable_name =~ "Digilent Zed 210248781045" && level==0 && jtag_device_ctx=="jsn-Zed-210248781045-23727093-0"}' command is executed.
18:55:43 INFO  : FPGA configured successfully with bitstream "C:/Temp/sa2-final/sw/final_project/_ide/bitstream/final_proj_wrapper.bit"
18:55:43 INFO  : Context for 'APU' is selected.
18:55:43 INFO  : Hardware design and registers information is loaded from 'C:/Temp/sa2-final/sw/final_proj_wrapper/export/final_proj_wrapper/hw/final_proj_wrapper.xsa'.
18:55:43 INFO  : 'configparams force-mem-access 1' command is executed.
18:55:43 INFO  : Context for 'APU' is selected.
18:55:43 INFO  : Sourcing of 'C:/Temp/sa2-final/sw/final_project/_ide/psinit/ps7_init.tcl' is done.
18:55:44 INFO  : 'ps7_init' command is executed.
18:55:44 INFO  : 'ps7_post_config' command is executed.
18:55:44 INFO  : Context for processor 'ps7_cortexa9_0' is selected.
18:55:44 INFO  : The application 'C:/Temp/sa2-final/sw/final_project/Debug/final_project.elf' is downloaded to processor 'ps7_cortexa9_0'.
18:55:44 INFO  : 'configparams force-mem-access 0' command is executed.
18:55:44 INFO  : ----------------XSDB Script----------------
connect -url tcp:127.0.0.1:3121
targets -set -nocase -filter {name =~"APU*"}
rst -system
after 3000
targets -set -filter {jtag_cable_name =~ "Digilent Zed 210248781045" && level==0 && jtag_device_ctx=="jsn-Zed-210248781045-23727093-0"}
fpga -file C:/Temp/sa2-final/sw/final_project/_ide/bitstream/final_proj_wrapper.bit
targets -set -nocase -filter {name =~"APU*"}
loadhw -hw C:/Temp/sa2-final/sw/final_proj_wrapper/export/final_proj_wrapper/hw/final_proj_wrapper.xsa -mem-ranges [list {0x40000000 0xbfffffff}] -regs
configparams force-mem-access 1
targets -set -nocase -filter {name =~"APU*"}
source C:/Temp/sa2-final/sw/final_project/_ide/psinit/ps7_init.tcl
ps7_init
ps7_post_config
targets -set -nocase -filter {name =~ "*A9*#0"}
dow C:/Temp/sa2-final/sw/final_project/Debug/final_project.elf
configparams force-mem-access 0
----------------End of Script----------------

18:55:44 INFO  : Context for processor 'ps7_cortexa9_0' is selected.
18:55:44 INFO  : 'con' command is executed.
18:55:44 INFO  : ----------------XSDB Script (After Launch)----------------
targets -set -nocase -filter {name =~ "*A9*#0"}
con
----------------End of Script----------------

18:55:44 INFO  : Launch script is exported to file 'C:\Temp\sa2-final\sw\.sdk\launch_scripts\single_application_debug\debugger_final_project-default.tcl'
18:57:30 INFO  : Checking for BSP changes to sync application flags for project 'final_project'...
18:57:34 INFO  : Disconnected from the channel tcfchan#5.
18:57:35 INFO  : Connected to target on host '127.0.0.1' and port '3121'.
18:57:35 INFO  : Jtag cable 'Digilent Zed 210248781045' is selected.
18:57:35 INFO  : 'jtag frequency' command is executed.
18:57:35 INFO  : Context for 'APU' is selected.
18:57:35 INFO  : System reset is completed.
18:57:38 INFO  : 'after 3000' command is executed.
18:57:38 INFO  : 'targets -set -filter {jtag_cable_name =~ "Digilent Zed 210248781045" && level==0 && jtag_device_ctx=="jsn-Zed-210248781045-23727093-0"}' command is executed.
18:57:40 INFO  : FPGA configured successfully with bitstream "C:/Temp/sa2-final/sw/final_project/_ide/bitstream/final_proj_wrapper.bit"
18:57:40 INFO  : Context for 'APU' is selected.
18:57:40 INFO  : Hardware design and registers information is loaded from 'C:/Temp/sa2-final/sw/final_proj_wrapper/export/final_proj_wrapper/hw/final_proj_wrapper.xsa'.
18:57:40 INFO  : 'configparams force-mem-access 1' command is executed.
18:57:40 INFO  : Context for 'APU' is selected.
18:57:40 INFO  : Sourcing of 'C:/Temp/sa2-final/sw/final_project/_ide/psinit/ps7_init.tcl' is done.
18:57:40 INFO  : 'ps7_init' command is executed.
18:57:40 INFO  : 'ps7_post_config' command is executed.
18:57:40 INFO  : Context for processor 'ps7_cortexa9_0' is selected.
18:57:40 INFO  : The application 'C:/Temp/sa2-final/sw/final_project/Debug/final_project.elf' is downloaded to processor 'ps7_cortexa9_0'.
18:57:40 INFO  : 'configparams force-mem-access 0' command is executed.
18:57:40 INFO  : ----------------XSDB Script----------------
connect -url tcp:127.0.0.1:3121
targets -set -nocase -filter {name =~"APU*"}
rst -system
after 3000
targets -set -filter {jtag_cable_name =~ "Digilent Zed 210248781045" && level==0 && jtag_device_ctx=="jsn-Zed-210248781045-23727093-0"}
fpga -file C:/Temp/sa2-final/sw/final_project/_ide/bitstream/final_proj_wrapper.bit
targets -set -nocase -filter {name =~"APU*"}
loadhw -hw C:/Temp/sa2-final/sw/final_proj_wrapper/export/final_proj_wrapper/hw/final_proj_wrapper.xsa -mem-ranges [list {0x40000000 0xbfffffff}] -regs
configparams force-mem-access 1
targets -set -nocase -filter {name =~"APU*"}
source C:/Temp/sa2-final/sw/final_project/_ide/psinit/ps7_init.tcl
ps7_init
ps7_post_config
targets -set -nocase -filter {name =~ "*A9*#0"}
dow C:/Temp/sa2-final/sw/final_project/Debug/final_project.elf
configparams force-mem-access 0
----------------End of Script----------------

18:57:41 INFO  : Context for processor 'ps7_cortexa9_0' is selected.
18:57:41 INFO  : 'con' command is executed.
18:57:41 INFO  : ----------------XSDB Script (After Launch)----------------
targets -set -nocase -filter {name =~ "*A9*#0"}
con
----------------End of Script----------------

18:57:41 INFO  : Launch script is exported to file 'C:\Temp\sa2-final\sw\.sdk\launch_scripts\single_application_debug\debugger_final_project-default.tcl'
19:02:45 INFO  : Checking for BSP changes to sync application flags for project 'final_project'...
19:02:48 INFO  : Disconnected from the channel tcfchan#6.
19:02:49 INFO  : Connected to target on host '127.0.0.1' and port '3121'.
19:02:49 INFO  : Jtag cable 'Digilent Zed 210248781045' is selected.
19:02:49 INFO  : 'jtag frequency' command is executed.
19:02:49 INFO  : Context for 'APU' is selected.
19:02:49 INFO  : System reset is completed.
19:02:52 INFO  : 'after 3000' command is executed.
19:02:52 INFO  : 'targets -set -filter {jtag_cable_name =~ "Digilent Zed 210248781045" && level==0 && jtag_device_ctx=="jsn-Zed-210248781045-23727093-0"}' command is executed.
19:02:54 INFO  : FPGA configured successfully with bitstream "C:/Temp/sa2-final/sw/final_project/_ide/bitstream/final_proj_wrapper.bit"
19:02:54 INFO  : Context for 'APU' is selected.
19:02:54 INFO  : Hardware design and registers information is loaded from 'C:/Temp/sa2-final/sw/final_proj_wrapper/export/final_proj_wrapper/hw/final_proj_wrapper.xsa'.
19:02:54 INFO  : 'configparams force-mem-access 1' command is executed.
19:02:54 INFO  : Context for 'APU' is selected.
19:02:54 INFO  : Sourcing of 'C:/Temp/sa2-final/sw/final_project/_ide/psinit/ps7_init.tcl' is done.
19:02:55 INFO  : 'ps7_init' command is executed.
19:02:55 INFO  : 'ps7_post_config' command is executed.
19:02:55 INFO  : Context for processor 'ps7_cortexa9_0' is selected.
19:02:55 INFO  : The application 'C:/Temp/sa2-final/sw/final_project/Debug/final_project.elf' is downloaded to processor 'ps7_cortexa9_0'.
19:02:55 INFO  : 'configparams force-mem-access 0' command is executed.
19:02:55 INFO  : ----------------XSDB Script----------------
connect -url tcp:127.0.0.1:3121
targets -set -nocase -filter {name =~"APU*"}
rst -system
after 3000
targets -set -filter {jtag_cable_name =~ "Digilent Zed 210248781045" && level==0 && jtag_device_ctx=="jsn-Zed-210248781045-23727093-0"}
fpga -file C:/Temp/sa2-final/sw/final_project/_ide/bitstream/final_proj_wrapper.bit
targets -set -nocase -filter {name =~"APU*"}
loadhw -hw C:/Temp/sa2-final/sw/final_proj_wrapper/export/final_proj_wrapper/hw/final_proj_wrapper.xsa -mem-ranges [list {0x40000000 0xbfffffff}] -regs
configparams force-mem-access 1
targets -set -nocase -filter {name =~"APU*"}
source C:/Temp/sa2-final/sw/final_project/_ide/psinit/ps7_init.tcl
ps7_init
ps7_post_config
targets -set -nocase -filter {name =~ "*A9*#0"}
dow C:/Temp/sa2-final/sw/final_project/Debug/final_project.elf
configparams force-mem-access 0
----------------End of Script----------------

19:02:55 INFO  : Context for processor 'ps7_cortexa9_0' is selected.
19:02:55 INFO  : 'con' command is executed.
19:02:55 INFO  : ----------------XSDB Script (After Launch)----------------
targets -set -nocase -filter {name =~ "*A9*#0"}
con
----------------End of Script----------------

19:02:55 INFO  : Launch script is exported to file 'C:\Temp\sa2-final\sw\.sdk\launch_scripts\single_application_debug\debugger_final_project-default.tcl'
19:03:40 INFO  : Checking for BSP changes to sync application flags for project 'final_project'...
19:03:43 INFO  : Disconnected from the channel tcfchan#7.
19:03:44 INFO  : Connected to target on host '127.0.0.1' and port '3121'.
19:03:44 INFO  : Jtag cable 'Digilent Zed 210248781045' is selected.
19:03:44 INFO  : 'jtag frequency' command is executed.
19:03:44 INFO  : Context for 'APU' is selected.
19:03:45 INFO  : System reset is completed.
19:03:48 INFO  : 'after 3000' command is executed.
19:03:48 INFO  : 'targets -set -filter {jtag_cable_name =~ "Digilent Zed 210248781045" && level==0 && jtag_device_ctx=="jsn-Zed-210248781045-23727093-0"}' command is executed.
19:03:50 INFO  : FPGA configured successfully with bitstream "C:/Temp/sa2-final/sw/final_project/_ide/bitstream/final_proj_wrapper.bit"
19:03:50 INFO  : Context for 'APU' is selected.
19:03:50 INFO  : Hardware design and registers information is loaded from 'C:/Temp/sa2-final/sw/final_proj_wrapper/export/final_proj_wrapper/hw/final_proj_wrapper.xsa'.
19:03:50 INFO  : 'configparams force-mem-access 1' command is executed.
19:03:50 INFO  : Context for 'APU' is selected.
19:03:50 INFO  : Sourcing of 'C:/Temp/sa2-final/sw/final_project/_ide/psinit/ps7_init.tcl' is done.
19:03:50 INFO  : 'ps7_init' command is executed.
19:03:50 INFO  : 'ps7_post_config' command is executed.
19:03:50 INFO  : Context for processor 'ps7_cortexa9_0' is selected.
19:03:50 INFO  : The application 'C:/Temp/sa2-final/sw/final_project/Debug/final_project.elf' is downloaded to processor 'ps7_cortexa9_0'.
19:03:50 INFO  : 'configparams force-mem-access 0' command is executed.
19:03:50 INFO  : ----------------XSDB Script----------------
connect -url tcp:127.0.0.1:3121
targets -set -nocase -filter {name =~"APU*"}
rst -system
after 3000
targets -set -filter {jtag_cable_name =~ "Digilent Zed 210248781045" && level==0 && jtag_device_ctx=="jsn-Zed-210248781045-23727093-0"}
fpga -file C:/Temp/sa2-final/sw/final_project/_ide/bitstream/final_proj_wrapper.bit
targets -set -nocase -filter {name =~"APU*"}
loadhw -hw C:/Temp/sa2-final/sw/final_proj_wrapper/export/final_proj_wrapper/hw/final_proj_wrapper.xsa -mem-ranges [list {0x40000000 0xbfffffff}] -regs
configparams force-mem-access 1
targets -set -nocase -filter {name =~"APU*"}
source C:/Temp/sa2-final/sw/final_project/_ide/psinit/ps7_init.tcl
ps7_init
ps7_post_config
targets -set -nocase -filter {name =~ "*A9*#0"}
dow C:/Temp/sa2-final/sw/final_project/Debug/final_project.elf
configparams force-mem-access 0
----------------End of Script----------------

19:03:50 INFO  : Context for processor 'ps7_cortexa9_0' is selected.
19:03:50 INFO  : 'con' command is executed.
19:03:50 INFO  : ----------------XSDB Script (After Launch)----------------
targets -set -nocase -filter {name =~ "*A9*#0"}
con
----------------End of Script----------------

19:03:50 INFO  : Launch script is exported to file 'C:\Temp\sa2-final\sw\.sdk\launch_scripts\single_application_debug\debugger_final_project-default.tcl'
19:08:34 INFO  : Checking for BSP changes to sync application flags for project 'final_project'...
19:08:37 INFO  : Disconnected from the channel tcfchan#8.
19:08:38 INFO  : Connected to target on host '127.0.0.1' and port '3121'.
19:08:38 INFO  : Jtag cable 'Digilent Zed 210248781045' is selected.
19:08:38 INFO  : 'jtag frequency' command is executed.
19:08:38 INFO  : Context for 'APU' is selected.
19:08:38 INFO  : System reset is completed.
19:08:41 INFO  : 'after 3000' command is executed.
19:08:42 INFO  : 'targets -set -filter {jtag_cable_name =~ "Digilent Zed 210248781045" && level==0 && jtag_device_ctx=="jsn-Zed-210248781045-23727093-0"}' command is executed.
19:08:44 INFO  : FPGA configured successfully with bitstream "C:/Temp/sa2-final/sw/final_project/_ide/bitstream/final_proj_wrapper.bit"
19:08:44 INFO  : Context for 'APU' is selected.
19:08:44 INFO  : Hardware design and registers information is loaded from 'C:/Temp/sa2-final/sw/final_proj_wrapper/export/final_proj_wrapper/hw/final_proj_wrapper.xsa'.
19:08:44 INFO  : 'configparams force-mem-access 1' command is executed.
19:08:44 INFO  : Context for 'APU' is selected.
19:08:44 INFO  : Sourcing of 'C:/Temp/sa2-final/sw/final_project/_ide/psinit/ps7_init.tcl' is done.
19:08:44 INFO  : 'ps7_init' command is executed.
19:08:44 INFO  : 'ps7_post_config' command is executed.
19:08:44 INFO  : Context for processor 'ps7_cortexa9_0' is selected.
19:08:44 INFO  : The application 'C:/Temp/sa2-final/sw/final_project/Debug/final_project.elf' is downloaded to processor 'ps7_cortexa9_0'.
19:08:44 INFO  : 'configparams force-mem-access 0' command is executed.
19:08:44 INFO  : ----------------XSDB Script----------------
connect -url tcp:127.0.0.1:3121
targets -set -nocase -filter {name =~"APU*"}
rst -system
after 3000
targets -set -filter {jtag_cable_name =~ "Digilent Zed 210248781045" && level==0 && jtag_device_ctx=="jsn-Zed-210248781045-23727093-0"}
fpga -file C:/Temp/sa2-final/sw/final_project/_ide/bitstream/final_proj_wrapper.bit
targets -set -nocase -filter {name =~"APU*"}
loadhw -hw C:/Temp/sa2-final/sw/final_proj_wrapper/export/final_proj_wrapper/hw/final_proj_wrapper.xsa -mem-ranges [list {0x40000000 0xbfffffff}] -regs
configparams force-mem-access 1
targets -set -nocase -filter {name =~"APU*"}
source C:/Temp/sa2-final/sw/final_project/_ide/psinit/ps7_init.tcl
ps7_init
ps7_post_config
targets -set -nocase -filter {name =~ "*A9*#0"}
dow C:/Temp/sa2-final/sw/final_project/Debug/final_project.elf
configparams force-mem-access 0
----------------End of Script----------------

19:08:44 INFO  : Context for processor 'ps7_cortexa9_0' is selected.
19:08:44 INFO  : 'con' command is executed.
19:08:44 INFO  : ----------------XSDB Script (After Launch)----------------
targets -set -nocase -filter {name =~ "*A9*#0"}
con
----------------End of Script----------------

19:08:44 INFO  : Launch script is exported to file 'C:\Temp\sa2-final\sw\.sdk\launch_scripts\single_application_debug\debugger_final_project-default.tcl'
19:41:56 INFO  : Disconnected from the channel tcfchan#9.
14:18:09 INFO  : Launching XSCT server: xsct.bat -n  -interactive C:\Temp\sa2-final\sw\temp_xsdb_launch_script.tcl
14:18:11 INFO  : XSCT server has started successfully.
14:18:11 INFO  : Successfully done setting XSCT server connection channel  
14:18:11 INFO  : plnx-install-location is set to ''
14:18:11 INFO  : Successfully done setting workspace for the tool. 
14:18:13 INFO  : Platform repository initialization has completed.
14:18:14 INFO  : Registering command handlers for Vitis TCF services
14:18:17 INFO  : Successfully done query RDI_DATADIR 
14:24:51 INFO  : Hardware specification for platform project 'final_proj_wrapper' is updated.
14:25:27 INFO  : Result from executing command 'getProjects': final_proj_wrapper
14:25:27 INFO  : Result from executing command 'getPlatforms': final_proj_wrapper|C:/Temp/sa2-final/sw/final_proj_wrapper/export/final_proj_wrapper/final_proj_wrapper.xpfm
14:25:27 INFO  : Checking for BSP changes to sync application flags for project 'final_project'...
14:25:40 INFO  : The hardware specfication used by project 'final_project' is out of sync with the platform. Resource files extracted from the hardware specfiication will be updated.
14:25:40 INFO  : The file 'C:\Temp\sa2-final\sw\final_project\_ide\bitstream\final_proj_wrapper.bit' stored in project is removed.
14:25:40 INFO  : The updated bitstream files are copied from platform to folder 'C:\Temp\sa2-final\sw\final_project\_ide\bitstream' in project 'final_project'.
14:25:40 INFO  : The file 'C:\Temp\sa2-final\sw\final_project\_ide\psinit\ps7_init.tcl' stored in project is removed.
14:25:42 INFO  : The updated ps init files are copied from platform to folder 'C:\Temp\sa2-final\sw\final_project\_ide\psinit' in project 'final_project'.
14:25:45 INFO  : Connected to target on host '127.0.0.1' and port '3121'.
14:25:45 INFO  : Jtag cable 'Digilent Zed 210248B9D9EE' is selected.
14:25:45 INFO  : 'jtag frequency' command is executed.
14:25:45 INFO  : Context for 'APU' is selected.
14:25:45 INFO  : System reset is completed.
14:25:48 INFO  : 'after 3000' command is executed.
14:25:48 INFO  : 'targets -set -filter {jtag_cable_name =~ "Digilent Zed 210248B9D9EE" && level==0 && jtag_device_ctx=="jsn-Zed-210248B9D9EE-23727093-0"}' command is executed.
14:25:51 INFO  : FPGA configured successfully with bitstream "C:/Temp/sa2-final/sw/final_project/_ide/bitstream/final_proj_wrapper.bit"
14:25:51 INFO  : Context for 'APU' is selected.
14:25:51 INFO  : Hardware design and registers information is loaded from 'C:/Temp/sa2-final/sw/final_proj_wrapper/export/final_proj_wrapper/hw/final_proj_wrapper.xsa'.
14:25:51 INFO  : 'configparams force-mem-access 1' command is executed.
14:25:51 INFO  : Context for 'APU' is selected.
14:25:51 INFO  : Sourcing of 'C:/Temp/sa2-final/sw/final_project/_ide/psinit/ps7_init.tcl' is done.
14:25:51 INFO  : 'ps7_init' command is executed.
14:25:51 INFO  : 'ps7_post_config' command is executed.
14:25:51 INFO  : Context for processor 'ps7_cortexa9_0' is selected.
14:25:51 INFO  : The application 'C:/Temp/sa2-final/sw/final_project/Debug/final_project.elf' is downloaded to processor 'ps7_cortexa9_0'.
14:25:51 INFO  : 'configparams force-mem-access 0' command is executed.
14:25:51 INFO  : ----------------XSDB Script----------------
connect -url tcp:127.0.0.1:3121
targets -set -nocase -filter {name =~"APU*"}
rst -system
after 3000
targets -set -filter {jtag_cable_name =~ "Digilent Zed 210248B9D9EE" && level==0 && jtag_device_ctx=="jsn-Zed-210248B9D9EE-23727093-0"}
fpga -file C:/Temp/sa2-final/sw/final_project/_ide/bitstream/final_proj_wrapper.bit
targets -set -nocase -filter {name =~"APU*"}
loadhw -hw C:/Temp/sa2-final/sw/final_proj_wrapper/export/final_proj_wrapper/hw/final_proj_wrapper.xsa -mem-ranges [list {0x40000000 0xbfffffff}] -regs
configparams force-mem-access 1
targets -set -nocase -filter {name =~"APU*"}
source C:/Temp/sa2-final/sw/final_project/_ide/psinit/ps7_init.tcl
ps7_init
ps7_post_config
targets -set -nocase -filter {name =~ "*A9*#0"}
dow C:/Temp/sa2-final/sw/final_project/Debug/final_project.elf
configparams force-mem-access 0
----------------End of Script----------------

14:25:51 INFO  : Context for processor 'ps7_cortexa9_0' is selected.
14:25:51 INFO  : 'con' command is executed.
14:25:51 INFO  : ----------------XSDB Script (After Launch)----------------
targets -set -nocase -filter {name =~ "*A9*#0"}
con
----------------End of Script----------------

14:25:51 INFO  : Launch script is exported to file 'C:\Temp\sa2-final\sw\.sdk\launch_scripts\single_application_debug\debugger_final_project-default.tcl'
14:42:02 INFO  : Checking for BSP changes to sync application flags for project 'final_project'...
14:42:12 INFO  : Checking for BSP changes to sync application flags for project 'final_project'...
14:50:25 INFO  : Hardware specification for platform project 'final_proj_wrapper' is updated.
14:50:30 INFO  : Result from executing command 'getProjects': final_proj_wrapper
14:50:30 INFO  : Result from executing command 'getPlatforms': final_proj_wrapper|C:/Temp/sa2-final/sw/final_proj_wrapper/export/final_proj_wrapper/final_proj_wrapper.xpfm
14:51:59 INFO  : Disconnected from the channel tcfchan#2.
14:52:00 INFO  : The hardware specfication used by project 'final_project' is out of sync with the platform. Resource files extracted from the hardware specfiication will be updated.
14:52:00 INFO  : The file 'C:\Temp\sa2-final\sw\final_project\_ide\bitstream\final_proj_wrapper.bit' stored in project is removed.
14:52:00 INFO  : The updated bitstream files are copied from platform to folder 'C:\Temp\sa2-final\sw\final_project\_ide\bitstream' in project 'final_project'.
14:52:00 INFO  : The file 'C:\Temp\sa2-final\sw\final_project\_ide\psinit\ps7_init.tcl' stored in project is removed.
14:52:03 INFO  : The updated ps init files are copied from platform to folder 'C:\Temp\sa2-final\sw\final_project\_ide\psinit' in project 'final_project'.
14:52:03 INFO  : Connected to target on host '127.0.0.1' and port '3121'.
14:52:03 INFO  : Jtag cable 'Digilent Zed 210248B9D9EE' is selected.
14:52:03 INFO  : 'jtag frequency' command is executed.
14:52:03 INFO  : Context for 'APU' is selected.
14:52:03 INFO  : System reset is completed.
14:52:06 INFO  : 'after 3000' command is executed.
14:52:06 INFO  : 'targets -set -filter {jtag_cable_name =~ "Digilent Zed 210248B9D9EE" && level==0 && jtag_device_ctx=="jsn-Zed-210248B9D9EE-23727093-0"}' command is executed.
14:52:08 INFO  : FPGA configured successfully with bitstream "C:/Temp/sa2-final/sw/final_project/_ide/bitstream/final_proj_wrapper.bit"
14:52:08 INFO  : Context for 'APU' is selected.
14:52:08 INFO  : Hardware design and registers information is loaded from 'C:/Temp/sa2-final/sw/final_proj_wrapper/export/final_proj_wrapper/hw/final_proj_wrapper.xsa'.
14:52:08 INFO  : 'configparams force-mem-access 1' command is executed.
14:52:08 INFO  : Context for 'APU' is selected.
14:52:08 INFO  : Sourcing of 'C:/Temp/sa2-final/sw/final_project/_ide/psinit/ps7_init.tcl' is done.
14:52:09 INFO  : 'ps7_init' command is executed.
14:52:09 INFO  : 'ps7_post_config' command is executed.
14:52:09 INFO  : Context for processor 'ps7_cortexa9_0' is selected.
14:52:09 INFO  : The application 'C:/Temp/sa2-final/sw/final_project/Debug/final_project.elf' is downloaded to processor 'ps7_cortexa9_0'.
14:52:09 INFO  : 'configparams force-mem-access 0' command is executed.
14:52:09 INFO  : ----------------XSDB Script----------------
connect -url tcp:127.0.0.1:3121
targets -set -nocase -filter {name =~"APU*"}
rst -system
after 3000
targets -set -filter {jtag_cable_name =~ "Digilent Zed 210248B9D9EE" && level==0 && jtag_device_ctx=="jsn-Zed-210248B9D9EE-23727093-0"}
fpga -file C:/Temp/sa2-final/sw/final_project/_ide/bitstream/final_proj_wrapper.bit
targets -set -nocase -filter {name =~"APU*"}
loadhw -hw C:/Temp/sa2-final/sw/final_proj_wrapper/export/final_proj_wrapper/hw/final_proj_wrapper.xsa -mem-ranges [list {0x40000000 0xbfffffff}] -regs
configparams force-mem-access 1
targets -set -nocase -filter {name =~"APU*"}
source C:/Temp/sa2-final/sw/final_project/_ide/psinit/ps7_init.tcl
ps7_init
ps7_post_config
targets -set -nocase -filter {name =~ "*A9*#0"}
dow C:/Temp/sa2-final/sw/final_project/Debug/final_project.elf
configparams force-mem-access 0
----------------End of Script----------------

14:52:09 INFO  : Context for processor 'ps7_cortexa9_0' is selected.
14:52:09 INFO  : 'con' command is executed.
14:52:09 INFO  : ----------------XSDB Script (After Launch)----------------
targets -set -nocase -filter {name =~ "*A9*#0"}
con
----------------End of Script----------------

14:52:09 INFO  : Launch script is exported to file 'C:\Temp\sa2-final\sw\.sdk\launch_scripts\single_application_debug\debugger_final_project-default.tcl'
15:32:22 INFO  : Hardware specification for platform project 'final_proj_wrapper' is updated.
15:33:01 INFO  : Result from executing command 'getProjects': final_proj_wrapper
15:33:01 INFO  : Result from executing command 'getPlatforms': final_proj_wrapper|C:/Temp/sa2-final/sw/final_proj_wrapper/export/final_proj_wrapper/final_proj_wrapper.xpfm
15:33:01 INFO  : Checking for BSP changes to sync application flags for project 'final_project'...
15:33:08 INFO  : Checking for BSP changes to sync application flags for project 'final_project'...
15:33:10 INFO  : Disconnected from the channel tcfchan#4.
15:33:12 INFO  : The hardware specfication used by project 'final_project' is out of sync with the platform. Resource files extracted from the hardware specfiication will be updated.
15:33:12 INFO  : The file 'C:\Temp\sa2-final\sw\final_project\_ide\bitstream\final_proj_wrapper.bit' stored in project is removed.
15:33:12 INFO  : The updated bitstream files are copied from platform to folder 'C:\Temp\sa2-final\sw\final_project\_ide\bitstream' in project 'final_project'.
15:33:12 INFO  : The file 'C:\Temp\sa2-final\sw\final_project\_ide\psinit\ps7_init.tcl' stored in project is removed.
15:33:14 INFO  : The updated ps init files are copied from platform to folder 'C:\Temp\sa2-final\sw\final_project\_ide\psinit' in project 'final_project'.
15:33:15 INFO  : Connected to target on host '127.0.0.1' and port '3121'.
15:33:15 INFO  : Jtag cable 'Digilent Zed 210248B9D9EE' is selected.
15:33:15 INFO  : 'jtag frequency' command is executed.
15:33:15 INFO  : Context for 'APU' is selected.
15:33:15 INFO  : System reset is completed.
15:33:18 INFO  : 'after 3000' command is executed.
15:33:18 INFO  : 'targets -set -filter {jtag_cable_name =~ "Digilent Zed 210248B9D9EE" && level==0 && jtag_device_ctx=="jsn-Zed-210248B9D9EE-23727093-0"}' command is executed.
15:33:20 INFO  : FPGA configured successfully with bitstream "C:/Temp/sa2-final/sw/final_project/_ide/bitstream/final_proj_wrapper.bit"
15:33:20 INFO  : Context for 'APU' is selected.
15:33:20 INFO  : Hardware design and registers information is loaded from 'C:/Temp/sa2-final/sw/final_proj_wrapper/export/final_proj_wrapper/hw/final_proj_wrapper.xsa'.
15:33:20 INFO  : 'configparams force-mem-access 1' command is executed.
15:33:20 INFO  : Context for 'APU' is selected.
15:33:20 INFO  : Sourcing of 'C:/Temp/sa2-final/sw/final_project/_ide/psinit/ps7_init.tcl' is done.
15:33:20 INFO  : 'ps7_init' command is executed.
15:33:20 INFO  : 'ps7_post_config' command is executed.
15:33:20 INFO  : Context for processor 'ps7_cortexa9_0' is selected.
15:33:20 INFO  : The application 'C:/Temp/sa2-final/sw/final_project/Debug/final_project.elf' is downloaded to processor 'ps7_cortexa9_0'.
15:33:20 INFO  : 'configparams force-mem-access 0' command is executed.
15:33:20 INFO  : ----------------XSDB Script----------------
connect -url tcp:127.0.0.1:3121
targets -set -nocase -filter {name =~"APU*"}
rst -system
after 3000
targets -set -filter {jtag_cable_name =~ "Digilent Zed 210248B9D9EE" && level==0 && jtag_device_ctx=="jsn-Zed-210248B9D9EE-23727093-0"}
fpga -file C:/Temp/sa2-final/sw/final_project/_ide/bitstream/final_proj_wrapper.bit
targets -set -nocase -filter {name =~"APU*"}
loadhw -hw C:/Temp/sa2-final/sw/final_proj_wrapper/export/final_proj_wrapper/hw/final_proj_wrapper.xsa -mem-ranges [list {0x40000000 0xbfffffff}] -regs
configparams force-mem-access 1
targets -set -nocase -filter {name =~"APU*"}
source C:/Temp/sa2-final/sw/final_project/_ide/psinit/ps7_init.tcl
ps7_init
ps7_post_config
targets -set -nocase -filter {name =~ "*A9*#0"}
dow C:/Temp/sa2-final/sw/final_project/Debug/final_project.elf
configparams force-mem-access 0
----------------End of Script----------------

15:33:20 INFO  : Context for processor 'ps7_cortexa9_0' is selected.
15:33:20 INFO  : 'con' command is executed.
15:33:20 INFO  : ----------------XSDB Script (After Launch)----------------
targets -set -nocase -filter {name =~ "*A9*#0"}
con
----------------End of Script----------------

15:33:20 INFO  : Launch script is exported to file 'C:\Temp\sa2-final\sw\.sdk\launch_scripts\single_application_debug\debugger_final_project-default.tcl'
15:34:25 INFO  : Checking for BSP changes to sync application flags for project 'final_project'...
15:34:43 INFO  : Checking for BSP changes to sync application flags for project 'final_project'...
15:34:54 INFO  : Disconnected from the channel tcfchan#6.
15:34:55 INFO  : Connected to target on host '127.0.0.1' and port '3121'.
15:34:55 INFO  : Jtag cable 'Digilent Zed 210248B9D9EE' is selected.
15:34:55 INFO  : 'jtag frequency' command is executed.
15:34:55 INFO  : Context for 'APU' is selected.
15:34:55 INFO  : System reset is completed.
15:34:58 INFO  : 'after 3000' command is executed.
15:34:58 INFO  : 'targets -set -filter {jtag_cable_name =~ "Digilent Zed 210248B9D9EE" && level==0 && jtag_device_ctx=="jsn-Zed-210248B9D9EE-23727093-0"}' command is executed.
15:35:00 INFO  : FPGA configured successfully with bitstream "C:/Temp/sa2-final/sw/final_project/_ide/bitstream/final_proj_wrapper.bit"
15:35:00 INFO  : Context for 'APU' is selected.
15:35:00 INFO  : Hardware design and registers information is loaded from 'C:/Temp/sa2-final/sw/final_proj_wrapper/export/final_proj_wrapper/hw/final_proj_wrapper.xsa'.
15:35:00 INFO  : 'configparams force-mem-access 1' command is executed.
15:35:00 INFO  : Context for 'APU' is selected.
15:35:00 INFO  : Sourcing of 'C:/Temp/sa2-final/sw/final_project/_ide/psinit/ps7_init.tcl' is done.
15:35:00 INFO  : 'ps7_init' command is executed.
15:35:00 INFO  : 'ps7_post_config' command is executed.
15:35:00 INFO  : Context for processor 'ps7_cortexa9_0' is selected.
15:35:00 INFO  : The application 'C:/Temp/sa2-final/sw/final_project/Debug/final_project.elf' is downloaded to processor 'ps7_cortexa9_0'.
15:35:00 INFO  : 'configparams force-mem-access 0' command is executed.
15:35:00 INFO  : ----------------XSDB Script----------------
connect -url tcp:127.0.0.1:3121
targets -set -nocase -filter {name =~"APU*"}
rst -system
after 3000
targets -set -filter {jtag_cable_name =~ "Digilent Zed 210248B9D9EE" && level==0 && jtag_device_ctx=="jsn-Zed-210248B9D9EE-23727093-0"}
fpga -file C:/Temp/sa2-final/sw/final_project/_ide/bitstream/final_proj_wrapper.bit
targets -set -nocase -filter {name =~"APU*"}
loadhw -hw C:/Temp/sa2-final/sw/final_proj_wrapper/export/final_proj_wrapper/hw/final_proj_wrapper.xsa -mem-ranges [list {0x40000000 0xbfffffff}] -regs
configparams force-mem-access 1
targets -set -nocase -filter {name =~"APU*"}
source C:/Temp/sa2-final/sw/final_project/_ide/psinit/ps7_init.tcl
ps7_init
ps7_post_config
targets -set -nocase -filter {name =~ "*A9*#0"}
dow C:/Temp/sa2-final/sw/final_project/Debug/final_project.elf
configparams force-mem-access 0
----------------End of Script----------------

15:35:00 INFO  : Context for processor 'ps7_cortexa9_0' is selected.
15:35:01 INFO  : 'con' command is executed.
15:35:01 INFO  : ----------------XSDB Script (After Launch)----------------
targets -set -nocase -filter {name =~ "*A9*#0"}
con
----------------End of Script----------------

15:35:01 INFO  : Launch script is exported to file 'C:\Temp\sa2-final\sw\.sdk\launch_scripts\single_application_debug\debugger_final_project-default.tcl'
15:39:02 INFO  : Checking for BSP changes to sync application flags for project 'final_project'...
