
*** Running vivado
    with args -log final_proj_digital_channel_la_1_0.vds -m64 -product Vivado -mode batch -messageDb vivado.pb -notrace -source final_proj_digital_channel_la_1_0.tcl



****** Vivado v2020.1 (64-bit)
  **** SW Build 2902540 on Wed May 27 19:54:49 MDT 2020
  **** IP Build 2902112 on Wed May 27 22:43:36 MDT 2020
    ** Copyright 1986-2020 Xilinx, Inc. All Rights Reserved.

source final_proj_digital_channel_la_1_0.tcl -notrace
INFO: [IP_Flow 19-234] Refreshing IP repositories
INFO: [IP_Flow 19-1700] Loaded user IP repository 'c:/Temp/sa2-final/digital_channel/digital_channel_1.0'.
INFO: [IP_Flow 19-1700] Loaded user IP repository 'c:/Temp/sa2-final/ip_repo'.
INFO: [IP_Flow 19-2313] Loaded Vivado IP repository 'C:/Xilinx/Vivado/2020.1/data/ip'.
Command: synth_design -top final_proj_digital_channel_la_1_0 -part xc7z020clg484-1 -mode out_of_context
Starting synth_design
Attempting to get a license for feature 'Synthesis' and/or device 'xc7z020'
INFO: [Common 17-349] Got license for feature 'Synthesis' and/or device 'xc7z020'
INFO: [Device 21-403] Loading part xc7z020clg484-1
INFO: [Synth 8-7079] Multithreading enabled for synth_design using a maximum of 2 processes.
INFO: [Synth 8-7078] Launching helper process for spawning children vivado processes
INFO: [Synth 8-7075] Helper process launched with PID 2948
WARNING: [Synth 8-6901] identifier 'sample_done' is used before its declaration [c:/Temp/sa2-final/SA2_final_project/SA2_final_project.srcs/sources_1/bd/final_proj/ipshared/9544/hdl/digital_channel_la_v1_0_S00_AXI.v:250]
---------------------------------------------------------------------------------
Starting RTL Elaboration : Time (s): cpu = 00:00:01 ; elapsed = 00:00:02 . Memory (MB): peak = 1013.062 ; gain = 0.000
---------------------------------------------------------------------------------
INFO: [Synth 8-6157] synthesizing module 'final_proj_digital_channel_la_1_0' [c:/Temp/sa2-final/SA2_final_project/SA2_final_project.srcs/sources_1/bd/final_proj/ip/final_proj_digital_channel_la_1_0/synth/final_proj_digital_channel_la_1_0.v:56]
INFO: [Synth 8-6157] synthesizing module 'digital_channel_la_v1_0' [c:/Temp/sa2-final/SA2_final_project/SA2_final_project.srcs/sources_1/bd/final_proj/ipshared/9544/hdl/digital_channel_la_v1_0.v:4]
	Parameter C_S00_AXI_DATA_WIDTH bound to: 32 - type: integer 
	Parameter C_S00_AXI_ADDR_WIDTH bound to: 5 - type: integer 
INFO: [Synth 8-6157] synthesizing module 'digital_channel_la_v1_0_S00_AXI' [c:/Temp/sa2-final/SA2_final_project/SA2_final_project.srcs/sources_1/bd/final_proj/ipshared/9544/hdl/digital_channel_la_v1_0_S00_AXI.v:4]
	Parameter C_S_AXI_DATA_WIDTH bound to: 32 - type: integer 
	Parameter C_S_AXI_ADDR_WIDTH bound to: 5 - type: integer 
	Parameter ADDR_LSB bound to: 2 - type: integer 
	Parameter OPT_MEM_ADDR_BITS bound to: 2 - type: integer 
INFO: [Synth 8-226] default block is never used [c:/Temp/sa2-final/SA2_final_project/SA2_final_project.srcs/sources_1/bd/final_proj/ipshared/9544/hdl/digital_channel_la_v1_0_S00_AXI.v:255]
INFO: [Synth 8-226] default block is never used [c:/Temp/sa2-final/SA2_final_project/SA2_final_project.srcs/sources_1/bd/final_proj/ipshared/9544/hdl/digital_channel_la_v1_0_S00_AXI.v:428]
INFO: [Synth 8-6157] synthesizing module 'analyzer_channel' [c:/Temp/sa2-final/SA2_final_project/SA2_final_project.srcs/sources_1/bd/final_proj/digital_channel/digital_channel_1.0/src/analyzer_channel.v:23]
INFO: [Synth 8-6157] synthesizing module 'downsample' [c:/Temp/sa2-final/SA2_final_project/SA2_final_project.srcs/sources_1/bd/final_proj/digital_channel/digital_channel_1.0/src/downsample.v:23]
INFO: [Synth 8-6155] done synthesizing module 'downsample' (1#1) [c:/Temp/sa2-final/SA2_final_project/SA2_final_project.srcs/sources_1/bd/final_proj/digital_channel/digital_channel_1.0/src/downsample.v:23]
INFO: [Synth 8-6157] synthesizing module 'trigger' [c:/Temp/sa2-final/SA2_final_project/SA2_final_project.srcs/sources_1/bd/final_proj/digital_channel/digital_channel_1.0/src/trigger.v:27]
INFO: [Synth 8-6155] done synthesizing module 'trigger' (2#1) [c:/Temp/sa2-final/SA2_final_project/SA2_final_project.srcs/sources_1/bd/final_proj/digital_channel/digital_channel_1.0/src/trigger.v:27]
INFO: [Synth 8-6157] synthesizing module 'sig_streamer' [c:/Temp/sa2-final/SA2_final_project/SA2_final_project.srcs/sources_1/bd/final_proj/digital_channel/digital_channel_1.0/src/sig_streamer.v:1]
INFO: [Synth 8-6155] done synthesizing module 'sig_streamer' (3#1) [c:/Temp/sa2-final/SA2_final_project/SA2_final_project.srcs/sources_1/bd/final_proj/digital_channel/digital_channel_1.0/src/sig_streamer.v:1]
INFO: [Synth 8-6157] synthesizing module 'buffer' [c:/Temp/sa2-final/SA2_final_project/SA2_final_project.srcs/sources_1/bd/final_proj/digital_channel/digital_channel_1.0/src/buffer.v:26]
INFO: [Synth 8-6155] done synthesizing module 'buffer' (4#1) [c:/Temp/sa2-final/SA2_final_project/SA2_final_project.srcs/sources_1/bd/final_proj/digital_channel/digital_channel_1.0/src/buffer.v:26]
INFO: [Synth 8-6155] done synthesizing module 'analyzer_channel' (5#1) [c:/Temp/sa2-final/SA2_final_project/SA2_final_project.srcs/sources_1/bd/final_proj/digital_channel/digital_channel_1.0/src/analyzer_channel.v:23]
WARNING: [Synth 8-689] width (32) of port connection 'buf_addr_i' does not match port width (10) of module 'analyzer_channel' [c:/Temp/sa2-final/SA2_final_project/SA2_final_project.srcs/sources_1/bd/final_proj/ipshared/9544/hdl/digital_channel_la_v1_0_S00_AXI.v:480]
WARNING: [Synth 8-689] width (1) of port connection 'buf_do_o' does not match port width (32) of module 'analyzer_channel' [c:/Temp/sa2-final/SA2_final_project/SA2_final_project.srcs/sources_1/bd/final_proj/ipshared/9544/hdl/digital_channel_la_v1_0_S00_AXI.v:482]
ERROR: [Synth 8-448] named port connection 'buffer_we_o' does not exist for instance 'ch' of module 'analyzer_channel' [c:/Temp/sa2-final/SA2_final_project/SA2_final_project.srcs/sources_1/bd/final_proj/ipshared/9544/hdl/digital_channel_la_v1_0_S00_AXI.v:483]
ERROR: [Synth 8-448] named port connection 'buffer_addr_o' does not exist for instance 'ch' of module 'analyzer_channel' [c:/Temp/sa2-final/SA2_final_project/SA2_final_project.srcs/sources_1/bd/final_proj/ipshared/9544/hdl/digital_channel_la_v1_0_S00_AXI.v:484]
ERROR: [Synth 8-448] named port connection 'buffer_di_o' does not exist for instance 'ch' of module 'analyzer_channel' [c:/Temp/sa2-final/SA2_final_project/SA2_final_project.srcs/sources_1/bd/final_proj/ipshared/9544/hdl/digital_channel_la_v1_0_S00_AXI.v:485]
ERROR: [Synth 8-6156] failed synthesizing module 'digital_channel_la_v1_0_S00_AXI' [c:/Temp/sa2-final/SA2_final_project/SA2_final_project.srcs/sources_1/bd/final_proj/ipshared/9544/hdl/digital_channel_la_v1_0_S00_AXI.v:4]
ERROR: [Synth 8-6156] failed synthesizing module 'digital_channel_la_v1_0' [c:/Temp/sa2-final/SA2_final_project/SA2_final_project.srcs/sources_1/bd/final_proj/ipshared/9544/hdl/digital_channel_la_v1_0.v:4]
ERROR: [Synth 8-6156] failed synthesizing module 'final_proj_digital_channel_la_1_0' [c:/Temp/sa2-final/SA2_final_project/SA2_final_project.srcs/sources_1/bd/final_proj/ip/final_proj_digital_channel_la_1_0/synth/final_proj_digital_channel_la_1_0.v:56]
---------------------------------------------------------------------------------
Finished RTL Elaboration : Time (s): cpu = 00:00:02 ; elapsed = 00:00:02 . Memory (MB): peak = 1013.062 ; gain = 0.000
---------------------------------------------------------------------------------
RTL Elaboration failed
INFO: [Common 17-83] Releasing license: Synthesis
25 Infos, 3 Warnings, 0 Critical Warnings and 7 Errors encountered.
synth_design failed
ERROR: [Common 17-69] Command failed: Synthesis failed - please see the console or run log file for details
INFO: [Common 17-206] Exiting Vivado at Thu Apr 23 19:41:20 2026...
