Copyright 1986-2020 Xilinx, Inc. All Rights Reserved.
---------------------------------------------------------------------------------------------------------------------------------------------
| Tool Version : Vivado v.2020.1 (win64) Build 2902540 Wed May 27 19:54:49 MDT 2020
| Date         : Wed Apr 29 14:53:17 2026
| Host         : CO2041-16 running 64-bit major release  (build 9200)
| Command      : report_drc -file final_proj_wrapper_drc_opted.rpt -pb final_proj_wrapper_drc_opted.pb -rpx final_proj_wrapper_drc_opted.rpx
| Design       : final_proj_wrapper
| Device       : xc7z020clg484-1
| Speed File   : -1
| Design State : Synthesized
---------------------------------------------------------------------------------------------------------------------------------------------

Report DRC

Table of Contents
-----------------
1. REPORT SUMMARY
2. REPORT DETAILS

1. REPORT SUMMARY
-----------------
            Netlist: netlist
          Floorplan: design_1
      Design limits: <entire design considered>
           Ruledeck: default
             Max violations: <unlimited>
             Violations found: 21
+-----------+----------+----------------------------+------------+
| Rule      | Severity | Description                | Violations |
+-----------+----------+----------------------------+------------+
| CHECK-3   | Warning  | Report rule limit reached  | 1          |
| REQP-1840 | Warning  | RAMB18 async control check | 20         |
+-----------+----------+----------------------------+------------+

2. REPORT DETAILS
-----------------
CHECK-3#1 Warning
Report rule limit reached  
REQP-1840 rule limit reached: 20 violations have been found.
Related violations: <none>

REQP-1840#1 Warning
RAMB18 async control check  
The RAMB18E1 final_proj_i/digital_channel_la_0/inst/digital_channel_la_v1_0_S00_AXI_inst/ch/buff/RAM_reg has an input control pin final_proj_i/digital_channel_la_0/inst/digital_channel_la_v1_0_S00_AXI_inst/ch/buff/RAM_reg/ADDRARDADDR[10] (net: final_proj_i/digital_channel_la_0/inst/digital_channel_la_v1_0_S00_AXI_inst/ch/buff/buffer_addr_o[6]) which is driven by a register (final_proj_i/digital_channel_la_0/inst/digital_channel_la_v1_0_S00_AXI_inst/ch/stream/buf_addr_reg[6]) that has an active asychronous set or reset. This may cause corruption of the memory contents and/or read values when the set/reset is asserted and is not analyzed by the default static timing analysis. It is suggested to eliminate the use of a set/reset to registers driving this RAMB pin or else use a synchronous reset in which the assertion of the reset is timed by default.
Related violations: <none>

REQP-1840#2 Warning
RAMB18 async control check  
The RAMB18E1 final_proj_i/digital_channel_la_0/inst/digital_channel_la_v1_0_S00_AXI_inst/ch/buff/RAM_reg has an input control pin final_proj_i/digital_channel_la_0/inst/digital_channel_la_v1_0_S00_AXI_inst/ch/buff/RAM_reg/ADDRARDADDR[11] (net: final_proj_i/digital_channel_la_0/inst/digital_channel_la_v1_0_S00_AXI_inst/ch/buff/buffer_addr_o[7]) which is driven by a register (final_proj_i/digital_channel_la_0/inst/digital_channel_la_v1_0_S00_AXI_inst/ch/stream/buf_addr_reg[7]) that has an active asychronous set or reset. This may cause corruption of the memory contents and/or read values when the set/reset is asserted and is not analyzed by the default static timing analysis. It is suggested to eliminate the use of a set/reset to registers driving this RAMB pin or else use a synchronous reset in which the assertion of the reset is timed by default.
Related violations: <none>

REQP-1840#3 Warning
RAMB18 async control check  
The RAMB18E1 final_proj_i/digital_channel_la_0/inst/digital_channel_la_v1_0_S00_AXI_inst/ch/buff/RAM_reg has an input control pin final_proj_i/digital_channel_la_0/inst/digital_channel_la_v1_0_S00_AXI_inst/ch/buff/RAM_reg/ADDRARDADDR[12] (net: final_proj_i/digital_channel_la_0/inst/digital_channel_la_v1_0_S00_AXI_inst/ch/buff/buffer_addr_o[8]) which is driven by a register (final_proj_i/digital_channel_la_0/inst/digital_channel_la_v1_0_S00_AXI_inst/ch/stream/buf_addr_reg[8]) that has an active asychronous set or reset. This may cause corruption of the memory contents and/or read values when the set/reset is asserted and is not analyzed by the default static timing analysis. It is suggested to eliminate the use of a set/reset to registers driving this RAMB pin or else use a synchronous reset in which the assertion of the reset is timed by default.
Related violations: <none>

REQP-1840#4 Warning
RAMB18 async control check  
The RAMB18E1 final_proj_i/digital_channel_la_0/inst/digital_channel_la_v1_0_S00_AXI_inst/ch/buff/RAM_reg has an input control pin final_proj_i/digital_channel_la_0/inst/digital_channel_la_v1_0_S00_AXI_inst/ch/buff/RAM_reg/ADDRARDADDR[13] (net: final_proj_i/digital_channel_la_0/inst/digital_channel_la_v1_0_S00_AXI_inst/ch/buff/buffer_addr_o[9]) which is driven by a register (final_proj_i/digital_channel_la_0/inst/digital_channel_la_v1_0_S00_AXI_inst/ch/stream/buf_addr_reg[9]) that has an active asychronous set or reset. This may cause corruption of the memory contents and/or read values when the set/reset is asserted and is not analyzed by the default static timing analysis. It is suggested to eliminate the use of a set/reset to registers driving this RAMB pin or else use a synchronous reset in which the assertion of the reset is timed by default.
Related violations: <none>

REQP-1840#5 Warning
RAMB18 async control check  
The RAMB18E1 final_proj_i/digital_channel_la_0/inst/digital_channel_la_v1_0_S00_AXI_inst/ch/buff/RAM_reg has an input control pin final_proj_i/digital_channel_la_0/inst/digital_channel_la_v1_0_S00_AXI_inst/ch/buff/RAM_reg/ADDRARDADDR[4] (net: final_proj_i/digital_channel_la_0/inst/digital_channel_la_v1_0_S00_AXI_inst/ch/buff/buffer_addr_o[0]) which is driven by a register (final_proj_i/digital_channel_la_0/inst/digital_channel_la_v1_0_S00_AXI_inst/ch/stream/buf_addr_reg[0]) that has an active asychronous set or reset. This may cause corruption of the memory contents and/or read values when the set/reset is asserted and is not analyzed by the default static timing analysis. It is suggested to eliminate the use of a set/reset to registers driving this RAMB pin or else use a synchronous reset in which the assertion of the reset is timed by default.
Related violations: <none>

REQP-1840#6 Warning
RAMB18 async control check  
The RAMB18E1 final_proj_i/digital_channel_la_0/inst/digital_channel_la_v1_0_S00_AXI_inst/ch/buff/RAM_reg has an input control pin final_proj_i/digital_channel_la_0/inst/digital_channel_la_v1_0_S00_AXI_inst/ch/buff/RAM_reg/ADDRARDADDR[5] (net: final_proj_i/digital_channel_la_0/inst/digital_channel_la_v1_0_S00_AXI_inst/ch/buff/buffer_addr_o[1]) which is driven by a register (final_proj_i/digital_channel_la_0/inst/digital_channel_la_v1_0_S00_AXI_inst/ch/stream/buf_addr_reg[1]) that has an active asychronous set or reset. This may cause corruption of the memory contents and/or read values when the set/reset is asserted and is not analyzed by the default static timing analysis. It is suggested to eliminate the use of a set/reset to registers driving this RAMB pin or else use a synchronous reset in which the assertion of the reset is timed by default.
Related violations: <none>

REQP-1840#7 Warning
RAMB18 async control check  
The RAMB18E1 final_proj_i/digital_channel_la_0/inst/digital_channel_la_v1_0_S00_AXI_inst/ch/buff/RAM_reg has an input control pin final_proj_i/digital_channel_la_0/inst/digital_channel_la_v1_0_S00_AXI_inst/ch/buff/RAM_reg/ADDRARDADDR[6] (net: final_proj_i/digital_channel_la_0/inst/digital_channel_la_v1_0_S00_AXI_inst/ch/buff/buffer_addr_o[2]) which is driven by a register (final_proj_i/digital_channel_la_0/inst/digital_channel_la_v1_0_S00_AXI_inst/ch/stream/buf_addr_reg[2]) that has an active asychronous set or reset. This may cause corruption of the memory contents and/or read values when the set/reset is asserted and is not analyzed by the default static timing analysis. It is suggested to eliminate the use of a set/reset to registers driving this RAMB pin or else use a synchronous reset in which the assertion of the reset is timed by default.
Related violations: <none>

REQP-1840#8 Warning
RAMB18 async control check  
The RAMB18E1 final_proj_i/digital_channel_la_0/inst/digital_channel_la_v1_0_S00_AXI_inst/ch/buff/RAM_reg has an input control pin final_proj_i/digital_channel_la_0/inst/digital_channel_la_v1_0_S00_AXI_inst/ch/buff/RAM_reg/ADDRARDADDR[7] (net: final_proj_i/digital_channel_la_0/inst/digital_channel_la_v1_0_S00_AXI_inst/ch/buff/buffer_addr_o[3]) which is driven by a register (final_proj_i/digital_channel_la_0/inst/digital_channel_la_v1_0_S00_AXI_inst/ch/stream/buf_addr_reg[3]) that has an active asychronous set or reset. This may cause corruption of the memory contents and/or read values when the set/reset is asserted and is not analyzed by the default static timing analysis. It is suggested to eliminate the use of a set/reset to registers driving this RAMB pin or else use a synchronous reset in which the assertion of the reset is timed by default.
Related violations: <none>

REQP-1840#9 Warning
RAMB18 async control check  
The RAMB18E1 final_proj_i/digital_channel_la_0/inst/digital_channel_la_v1_0_S00_AXI_inst/ch/buff/RAM_reg has an input control pin final_proj_i/digital_channel_la_0/inst/digital_channel_la_v1_0_S00_AXI_inst/ch/buff/RAM_reg/ADDRARDADDR[8] (net: final_proj_i/digital_channel_la_0/inst/digital_channel_la_v1_0_S00_AXI_inst/ch/buff/buffer_addr_o[4]) which is driven by a register (final_proj_i/digital_channel_la_0/inst/digital_channel_la_v1_0_S00_AXI_inst/ch/stream/buf_addr_reg[4]) that has an active asychronous set or reset. This may cause corruption of the memory contents and/or read values when the set/reset is asserted and is not analyzed by the default static timing analysis. It is suggested to eliminate the use of a set/reset to registers driving this RAMB pin or else use a synchronous reset in which the assertion of the reset is timed by default.
Related violations: <none>

REQP-1840#10 Warning
RAMB18 async control check  
The RAMB18E1 final_proj_i/digital_channel_la_0/inst/digital_channel_la_v1_0_S00_AXI_inst/ch/buff/RAM_reg has an input control pin final_proj_i/digital_channel_la_0/inst/digital_channel_la_v1_0_S00_AXI_inst/ch/buff/RAM_reg/ADDRARDADDR[9] (net: final_proj_i/digital_channel_la_0/inst/digital_channel_la_v1_0_S00_AXI_inst/ch/buff/buffer_addr_o[5]) which is driven by a register (final_proj_i/digital_channel_la_0/inst/digital_channel_la_v1_0_S00_AXI_inst/ch/stream/buf_addr_reg[5]) that has an active asychronous set or reset. This may cause corruption of the memory contents and/or read values when the set/reset is asserted and is not analyzed by the default static timing analysis. It is suggested to eliminate the use of a set/reset to registers driving this RAMB pin or else use a synchronous reset in which the assertion of the reset is timed by default.
Related violations: <none>

REQP-1840#11 Warning
RAMB18 async control check  
The RAMB18E1 final_proj_i/digital_channel_la_0/inst/digital_channel_la_v1_0_S00_AXI_inst/ch/buff/RAM_reg has an input control pin final_proj_i/digital_channel_la_0/inst/digital_channel_la_v1_0_S00_AXI_inst/ch/buff/RAM_reg/WEA[0] (net: final_proj_i/digital_channel_la_0/inst/digital_channel_la_v1_0_S00_AXI_inst/ch/buff/buffer_we_o[0]) which is driven by a register (final_proj_i/digital_channel_la_0/inst/digital_channel_la_v1_0_S00_AXI_inst/ch/stream/buffer_we_o_reg) that has an active asychronous set or reset. This may cause corruption of the memory contents and/or read values when the set/reset is asserted and is not analyzed by the default static timing analysis. It is suggested to eliminate the use of a set/reset to registers driving this RAMB pin or else use a synchronous reset in which the assertion of the reset is timed by default.
Related violations: <none>

REQP-1840#12 Warning
RAMB18 async control check  
The RAMB18E1 final_proj_i/digital_channel_la_0/inst/digital_channel_la_v1_0_S00_AXI_inst/ch/buff/RAM_reg has an input control pin final_proj_i/digital_channel_la_0/inst/digital_channel_la_v1_0_S00_AXI_inst/ch/buff/RAM_reg/WEA[1] (net: final_proj_i/digital_channel_la_0/inst/digital_channel_la_v1_0_S00_AXI_inst/ch/buff/buffer_we_o[0]) which is driven by a register (final_proj_i/digital_channel_la_0/inst/digital_channel_la_v1_0_S00_AXI_inst/ch/stream/buffer_we_o_reg) that has an active asychronous set or reset. This may cause corruption of the memory contents and/or read values when the set/reset is asserted and is not analyzed by the default static timing analysis. It is suggested to eliminate the use of a set/reset to registers driving this RAMB pin or else use a synchronous reset in which the assertion of the reset is timed by default.
Related violations: <none>

REQP-1840#13 Warning
RAMB18 async control check  
The RAMB18E1 final_proj_i/digital_channel_la_1/inst/digital_channel_la_v1_0_S00_AXI_inst/ch/buff/RAM_reg has an input control pin final_proj_i/digital_channel_la_1/inst/digital_channel_la_v1_0_S00_AXI_inst/ch/buff/RAM_reg/ADDRARDADDR[10] (net: final_proj_i/digital_channel_la_1/inst/digital_channel_la_v1_0_S00_AXI_inst/ch/buff/buffer_addr_o[6]) which is driven by a register (final_proj_i/digital_channel_la_1/inst/digital_channel_la_v1_0_S00_AXI_inst/ch/stream/buf_addr_reg[6]) that has an active asychronous set or reset. This may cause corruption of the memory contents and/or read values when the set/reset is asserted and is not analyzed by the default static timing analysis. It is suggested to eliminate the use of a set/reset to registers driving this RAMB pin or else use a synchronous reset in which the assertion of the reset is timed by default.
Related violations: <none>

REQP-1840#14 Warning
RAMB18 async control check  
The RAMB18E1 final_proj_i/digital_channel_la_1/inst/digital_channel_la_v1_0_S00_AXI_inst/ch/buff/RAM_reg has an input control pin final_proj_i/digital_channel_la_1/inst/digital_channel_la_v1_0_S00_AXI_inst/ch/buff/RAM_reg/ADDRARDADDR[11] (net: final_proj_i/digital_channel_la_1/inst/digital_channel_la_v1_0_S00_AXI_inst/ch/buff/buffer_addr_o[7]) which is driven by a register (final_proj_i/digital_channel_la_1/inst/digital_channel_la_v1_0_S00_AXI_inst/ch/stream/buf_addr_reg[7]) that has an active asychronous set or reset. This may cause corruption of the memory contents and/or read values when the set/reset is asserted and is not analyzed by the default static timing analysis. It is suggested to eliminate the use of a set/reset to registers driving this RAMB pin or else use a synchronous reset in which the assertion of the reset is timed by default.
Related violations: <none>

REQP-1840#15 Warning
RAMB18 async control check  
The RAMB18E1 final_proj_i/digital_channel_la_1/inst/digital_channel_la_v1_0_S00_AXI_inst/ch/buff/RAM_reg has an input control pin final_proj_i/digital_channel_la_1/inst/digital_channel_la_v1_0_S00_AXI_inst/ch/buff/RAM_reg/ADDRARDADDR[12] (net: final_proj_i/digital_channel_la_1/inst/digital_channel_la_v1_0_S00_AXI_inst/ch/buff/buffer_addr_o[8]) which is driven by a register (final_proj_i/digital_channel_la_1/inst/digital_channel_la_v1_0_S00_AXI_inst/ch/stream/buf_addr_reg[8]) that has an active asychronous set or reset. This may cause corruption of the memory contents and/or read values when the set/reset is asserted and is not analyzed by the default static timing analysis. It is suggested to eliminate the use of a set/reset to registers driving this RAMB pin or else use a synchronous reset in which the assertion of the reset is timed by default.
Related violations: <none>

REQP-1840#16 Warning
RAMB18 async control check  
The RAMB18E1 final_proj_i/digital_channel_la_1/inst/digital_channel_la_v1_0_S00_AXI_inst/ch/buff/RAM_reg has an input control pin final_proj_i/digital_channel_la_1/inst/digital_channel_la_v1_0_S00_AXI_inst/ch/buff/RAM_reg/ADDRARDADDR[13] (net: final_proj_i/digital_channel_la_1/inst/digital_channel_la_v1_0_S00_AXI_inst/ch/buff/buffer_addr_o[9]) which is driven by a register (final_proj_i/digital_channel_la_1/inst/digital_channel_la_v1_0_S00_AXI_inst/ch/stream/buf_addr_reg[9]) that has an active asychronous set or reset. This may cause corruption of the memory contents and/or read values when the set/reset is asserted and is not analyzed by the default static timing analysis. It is suggested to eliminate the use of a set/reset to registers driving this RAMB pin or else use a synchronous reset in which the assertion of the reset is timed by default.
Related violations: <none>

REQP-1840#17 Warning
RAMB18 async control check  
The RAMB18E1 final_proj_i/digital_channel_la_1/inst/digital_channel_la_v1_0_S00_AXI_inst/ch/buff/RAM_reg has an input control pin final_proj_i/digital_channel_la_1/inst/digital_channel_la_v1_0_S00_AXI_inst/ch/buff/RAM_reg/ADDRARDADDR[6] (net: final_proj_i/digital_channel_la_1/inst/digital_channel_la_v1_0_S00_AXI_inst/ch/buff/buffer_addr_o[2]) which is driven by a register (final_proj_i/digital_channel_la_1/inst/digital_channel_la_v1_0_S00_AXI_inst/ch/stream/buf_addr_reg[2]) that has an active asychronous set or reset. This may cause corruption of the memory contents and/or read values when the set/reset is asserted and is not analyzed by the default static timing analysis. It is suggested to eliminate the use of a set/reset to registers driving this RAMB pin or else use a synchronous reset in which the assertion of the reset is timed by default.
Related violations: <none>

REQP-1840#18 Warning
RAMB18 async control check  
The RAMB18E1 final_proj_i/digital_channel_la_1/inst/digital_channel_la_v1_0_S00_AXI_inst/ch/buff/RAM_reg has an input control pin final_proj_i/digital_channel_la_1/inst/digital_channel_la_v1_0_S00_AXI_inst/ch/buff/RAM_reg/ADDRARDADDR[7] (net: final_proj_i/digital_channel_la_1/inst/digital_channel_la_v1_0_S00_AXI_inst/ch/buff/buffer_addr_o[3]) which is driven by a register (final_proj_i/digital_channel_la_1/inst/digital_channel_la_v1_0_S00_AXI_inst/ch/stream/buf_addr_reg[3]) that has an active asychronous set or reset. This may cause corruption of the memory contents and/or read values when the set/reset is asserted and is not analyzed by the default static timing analysis. It is suggested to eliminate the use of a set/reset to registers driving this RAMB pin or else use a synchronous reset in which the assertion of the reset is timed by default.
Related violations: <none>

REQP-1840#19 Warning
RAMB18 async control check  
The RAMB18E1 final_proj_i/digital_channel_la_1/inst/digital_channel_la_v1_0_S00_AXI_inst/ch/buff/RAM_reg has an input control pin final_proj_i/digital_channel_la_1/inst/digital_channel_la_v1_0_S00_AXI_inst/ch/buff/RAM_reg/ADDRARDADDR[8] (net: final_proj_i/digital_channel_la_1/inst/digital_channel_la_v1_0_S00_AXI_inst/ch/buff/buffer_addr_o[4]) which is driven by a register (final_proj_i/digital_channel_la_1/inst/digital_channel_la_v1_0_S00_AXI_inst/ch/stream/buf_addr_reg[4]) that has an active asychronous set or reset. This may cause corruption of the memory contents and/or read values when the set/reset is asserted and is not analyzed by the default static timing analysis. It is suggested to eliminate the use of a set/reset to registers driving this RAMB pin or else use a synchronous reset in which the assertion of the reset is timed by default.
Related violations: <none>

REQP-1840#20 Warning
RAMB18 async control check  
The RAMB18E1 final_proj_i/digital_channel_la_1/inst/digital_channel_la_v1_0_S00_AXI_inst/ch/buff/RAM_reg has an input control pin final_proj_i/digital_channel_la_1/inst/digital_channel_la_v1_0_S00_AXI_inst/ch/buff/RAM_reg/ADDRARDADDR[9] (net: final_proj_i/digital_channel_la_1/inst/digital_channel_la_v1_0_S00_AXI_inst/ch/buff/buffer_addr_o[5]) which is driven by a register (final_proj_i/digital_channel_la_1/inst/digital_channel_la_v1_0_S00_AXI_inst/ch/stream/buf_addr_reg[5]) that has an active asychronous set or reset. This may cause corruption of the memory contents and/or read values when the set/reset is asserted and is not analyzed by the default static timing analysis. It is suggested to eliminate the use of a set/reset to registers driving this RAMB pin or else use a synchronous reset in which the assertion of the reset is timed by default.
Related violations: <none>


