INFO: [VRFC 10-2263] Analyzing Verilog file "/home/mdrobot7/cpre488-final/SA2_final_project/SA2_final_project.ip_user_files/bd/final_proj/ip/final_proj_processing_system7_0_0/sim/final_proj_processing_system7_0_0.v" into library xil_defaultlib
INFO: [VRFC 10-311] analyzing module final_proj_processing_system7_0_0
INFO: [VRFC 10-2263] Analyzing Verilog file "/home/mdrobot7/cpre488-final/SA2_final_project/SA2_final_project.ip_user_files/bd/final_proj/ip/final_proj_xbar_0/sim/final_proj_xbar_0.v" into library xil_defaultlib
INFO: [VRFC 10-311] analyzing module final_proj_xbar_0
INFO: [VRFC 10-2263] Analyzing Verilog file "/home/mdrobot7/cpre488-final/SA2_final_project/SA2_final_project.ip_user_files/bd/final_proj/ip/final_proj_auto_pc_0/sim/final_proj_auto_pc_0.v" into library xil_defaultlib
INFO: [VRFC 10-311] analyzing module final_proj_auto_pc_0
INFO: [VRFC 10-2263] Analyzing Verilog file "/home/mdrobot7/cpre488-final/SA2_final_project/SA2_final_project.sim/sim_1/behav/xsim/glbl.v" into library xil_defaultlib
INFO: [VRFC 10-311] analyzing module glbl
INFO: [VRFC 10-163] Analyzing VHDL file "/home/mdrobot7/cpre488-final/SA2_final_project/SA2_final_project.ip_user_files/bd/final_proj/ip/final_proj_axi_gpio_0_0/sim/final_proj_axi_gpio_0_0.vhd" into library xil_defaultlib
INFO: [VRFC 10-3107] analyzing entity 'final_proj_axi_gpio_0_0'
INFO: [VRFC 10-163] Analyzing VHDL file "/home/mdrobot7/cpre488-final/SA2_final_project/SA2_final_project.ip_user_files/bd/final_proj/ip/final_proj_axi_gpio_0_1/sim/final_proj_axi_gpio_0_1.vhd" into library xil_defaultlib
INFO: [VRFC 10-3107] analyzing entity 'final_proj_axi_gpio_0_1'
INFO: [VRFC 10-163] Analyzing VHDL file "/home/mdrobot7/cpre488-final/SA2_final_project/SA2_final_project.ip_user_files/bd/final_proj/ip/final_proj_axi_gpio_0_2/sim/final_proj_axi_gpio_0_2.vhd" into library xil_defaultlib
INFO: [VRFC 10-3107] analyzing entity 'final_proj_axi_gpio_0_2'
INFO: [VRFC 10-163] Analyzing VHDL file "/home/mdrobot7/cpre488-final/SA2_final_project/SA2_final_project.ip_user_files/bd/final_proj/ip/final_proj_rst_ps7_0_100M_0/sim/final_proj_rst_ps7_0_100M_0.vhd" into library xil_defaultlib
INFO: [VRFC 10-3107] analyzing entity 'final_proj_rst_ps7_0_100M_0'
INFO: [VRFC 10-163] Analyzing VHDL file "/home/mdrobot7/cpre488-final/SA2_final_project/SA2_final_project.ip_user_files/bd/final_proj/sim/final_proj.vhd" into library xil_defaultlib
INFO: [VRFC 10-3107] analyzing entity 'm00_couplers_imp_PONY3V'
INFO: [VRFC 10-3107] analyzing entity 'm01_couplers_imp_G2X3QL'
INFO: [VRFC 10-3107] analyzing entity 'm02_couplers_imp_15PWUEF'
INFO: [VRFC 10-3107] analyzing entity 's00_couplers_imp_HFOZVU'
INFO: [VRFC 10-3107] analyzing entity 'final_proj_ps7_0_axi_periph_0'
INFO: [VRFC 10-3107] analyzing entity 'final_proj'
INFO: [VRFC 10-163] Analyzing VHDL file "/home/mdrobot7/cpre488-final/SA2_final_project/SA2_final_project.srcs/sources_1/bd/final_proj/hdl/final_proj_wrapper.vhd" into library xil_defaultlib
INFO: [VRFC 10-3107] analyzing entity 'final_proj_wrapper'
