Vivado Simulator 2020.1
Copyright 1986-1999, 2001-2020 Xilinx, Inc. All Rights Reserved.
Running: /remote/Xilinx/2020.1/Vivado/2020.1/bin/unwrapped/lnx64.o/xelab -wto 1504f65b9a3640f1a9c422cd3c5206ec --incr --debug typical --relax --mt 8 -L axi_infrastructure_v1_1_0 -L axi_vip_v1_1_7 -L processing_system7_vip_v1_0_9 -L xil_defaultlib -L axi_lite_ipif_v3_0_4 -L lib_cdc_v1_0_2 -L interrupt_control_v3_1_4 -L axi_gpio_v2_0_23 -L generic_baseblocks_v2_1_0 -L axi_register_slice_v2_1_21 -L fifo_generator_v13_2_5 -L axi_data_fifo_v2_1_20 -L axi_crossbar_v2_1_22 -L proc_sys_reset_v5_0_13 -L axi_protocol_converter_v2_1_21 -L xilinx_vip -L unisims_ver -L unimacro_ver -L secureip -L xpm --snapshot final_proj_wrapper_behav xil_defaultlib.final_proj_wrapper xil_defaultlib.glbl -log elaborate.log 
Using 8 slave threads.
Starting static elaboration
Pass Through NonSizing Optimizer
WARNING: [VRFC 10-3091] actual bit length 128 differs from formal bit length 64 for port 'WR_DATA_STRB' [/scratch/proj/xbuilds/SWIP/2020.1_0602_1208/infra/XSIM/lin/.cxl.ip/incl/processing_system7_vip_v1_0_9_axi_gp.v:208]
WARNING: [VRFC 10-3091] actual bit length 12 differs from formal bit length 6 for port 'm_axi_bid' [/wrk/2020.1/nightly/2020_05_27_2902540/packages/customer/vivado/data/ip/xilinx/processing_system7_vip_v1_0/hdl/processing_system7_vip_v1_0_vl_rfs.sv:5496]
WARNING: [VRFC 10-3091] actual bit length 12 differs from formal bit length 6 for port 'm_axi_rid' [/wrk/2020.1/nightly/2020_05_27_2902540/packages/customer/vivado/data/ip/xilinx/processing_system7_vip_v1_0/hdl/processing_system7_vip_v1_0_vl_rfs.sv:5514]
WARNING: [VRFC 10-3091] actual bit length 128 differs from formal bit length 64 for port 'WR_DATA_STRB' [/scratch/proj/xbuilds/SWIP/2020.1_0602_1208/infra/XSIM/lin/.cxl.ip/incl/processing_system7_vip_v1_0_9_axi_gp.v:292]
WARNING: [VRFC 10-3091] actual bit length 8 differs from formal bit length 9 for port 'WR_BYTES' [/scratch/proj/xbuilds/SWIP/2020.1_0602_1208/infra/XSIM/lin/.cxl.ip/incl/processing_system7_vip_v1_0_9_axi_hp.v:80]
WARNING: [VRFC 10-3091] actual bit length 8 differs from formal bit length 9 for port 'RD_BYTES' [/scratch/proj/xbuilds/SWIP/2020.1_0602_1208/infra/XSIM/lin/.cxl.ip/incl/processing_system7_vip_v1_0_9_axi_hp.v:89]
WARNING: [VRFC 10-3091] actual bit length 12 differs from formal bit length 6 for port 'm_axi_bid' [/wrk/2020.1/nightly/2020_05_27_2902540/packages/customer/vivado/data/ip/xilinx/processing_system7_vip_v1_0/hdl/processing_system7_vip_v1_0_vl_rfs.sv:10203]
WARNING: [VRFC 10-3091] actual bit length 12 differs from formal bit length 6 for port 'm_axi_rid' [/wrk/2020.1/nightly/2020_05_27_2902540/packages/customer/vivado/data/ip/xilinx/processing_system7_vip_v1_0/hdl/processing_system7_vip_v1_0_vl_rfs.sv:10221]
WARNING: [VRFC 10-3091] actual bit length 32 differs from formal bit length 64 for port 'm_axi_rdata' [/wrk/2020.1/nightly/2020_05_27_2902540/packages/customer/vivado/data/ip/xilinx/processing_system7_vip_v1_0/hdl/processing_system7_vip_v1_0_vl_rfs.sv:10222]
WARNING: [VRFC 10-3091] actual bit length 8 differs from formal bit length 9 for port 'WR_BYTES' [/scratch/proj/xbuilds/SWIP/2020.1_0602_1208/infra/XSIM/lin/.cxl.ip/incl/processing_system7_vip_v1_0_9_axi_hp.v:165]
WARNING: [VRFC 10-3091] actual bit length 8 differs from formal bit length 9 for port 'RD_BYTES' [/scratch/proj/xbuilds/SWIP/2020.1_0602_1208/infra/XSIM/lin/.cxl.ip/incl/processing_system7_vip_v1_0_9_axi_hp.v:174]
WARNING: [VRFC 10-3091] actual bit length 8 differs from formal bit length 9 for port 'WR_BYTES' [/scratch/proj/xbuilds/SWIP/2020.1_0602_1208/infra/XSIM/lin/.cxl.ip/incl/processing_system7_vip_v1_0_9_axi_hp.v:251]
WARNING: [VRFC 10-3091] actual bit length 8 differs from formal bit length 9 for port 'RD_BYTES' [/scratch/proj/xbuilds/SWIP/2020.1_0602_1208/infra/XSIM/lin/.cxl.ip/incl/processing_system7_vip_v1_0_9_axi_hp.v:260]
WARNING: [VRFC 10-3091] actual bit length 8 differs from formal bit length 9 for port 'WR_BYTES' [/scratch/proj/xbuilds/SWIP/2020.1_0602_1208/infra/XSIM/lin/.cxl.ip/incl/processing_system7_vip_v1_0_9_axi_hp.v:337]
WARNING: [VRFC 10-3091] actual bit length 8 differs from formal bit length 9 for port 'RD_BYTES' [/scratch/proj/xbuilds/SWIP/2020.1_0602_1208/infra/XSIM/lin/.cxl.ip/incl/processing_system7_vip_v1_0_9_axi_hp.v:346]
WARNING: [VRFC 10-3091] actual bit length 12 differs from formal bit length 3 for port 'm_axi_bid' [/wrk/2020.1/nightly/2020_05_27_2902540/packages/customer/vivado/data/ip/xilinx/processing_system7_vip_v1_0/hdl/processing_system7_vip_v1_0_vl_rfs.sv:7107]
WARNING: [VRFC 10-3091] actual bit length 12 differs from formal bit length 3 for port 'm_axi_rid' [/wrk/2020.1/nightly/2020_05_27_2902540/packages/customer/vivado/data/ip/xilinx/processing_system7_vip_v1_0/hdl/processing_system7_vip_v1_0_vl_rfs.sv:7125]
WARNING: [VRFC 10-3091] actual bit length 32 differs from formal bit length 64 for port 'm_axi_rdata' [/wrk/2020.1/nightly/2020_05_27_2902540/packages/customer/vivado/data/ip/xilinx/processing_system7_vip_v1_0/hdl/processing_system7_vip_v1_0_vl_rfs.sv:7126]
WARNING: [VRFC 10-5021] port 'ENET0_GMII_RXD' is not connected on this instance [/home/mdrobot7/cpre488-final/SA2_final_project/SA2_final_project.ip_user_files/bd/final_proj/ip/final_proj_processing_system7_0_0/sim/final_proj_processing_system7_0_0.v:197]
WARNING: [VRFC 10-3027] 'ocm_wr_strb_port0' was previously declared with a different range [/wrk/2020.1/nightly/2020_05_27_2902540/packages/customer/vivado/data/ip/xilinx/processing_system7_vip_v1_0/hdl/processing_system7_vip_v1_0_vl_rfs.sv:3759]
WARNING: [VRFC 10-5021] port 'aclk2x' is not connected on this instance [/wrk/2020.1/nightly/2020_05_27_2902540/packages/customer/vivado/data/ip/xilinx/axi_protocol_converter_v2_1/hdl/axi_protocol_converter_v2_1_vl_rfs.v:4376]
WARNING: [VRFC 10-5021] port 'aclk2x' is not connected on this instance [/wrk/2020.1/nightly/2020_05_27_2902540/packages/customer/vivado/data/ip/xilinx/axi_protocol_converter_v2_1/hdl/axi_protocol_converter_v2_1_vl_rfs.v:4631]
WARNING: [VRFC 10-3283] element index 64 into 'wrp_strb' is out of bounds [/wrk/2020.1/nightly/2020_05_27_2902540/packages/customer/vivado/data/ip/xilinx/processing_system7_vip_v1_0/hdl/processing_system7_vip_v1_0_vl_rfs.sv:6084]
WARNING: [VRFC 10-3283] element index 128 into 'wrp_strb' is out of bounds [/wrk/2020.1/nightly/2020_05_27_2902540/packages/customer/vivado/data/ip/xilinx/processing_system7_vip_v1_0/hdl/processing_system7_vip_v1_0_vl_rfs.sv:10844]
WARNING: [VRFC 10-3283] element index 128 into 'wrp_strb' is out of bounds [/wrk/2020.1/nightly/2020_05_27_2902540/packages/customer/vivado/data/ip/xilinx/processing_system7_vip_v1_0/hdl/processing_system7_vip_v1_0_vl_rfs.sv:7722]
WARNING: [VRFC 10-3705] select index 4 into 'wr_fifo_rd_ptr' is out of bounds [/wrk/2020.1/nightly/2020_05_27_2902540/packages/customer/vivado/data/ip/xilinx/processing_system7_vip_v1_0/hdl/processing_system7_vip_v1_0_vl_rfs.sv:7935]
WARNING: [VRFC 10-3705] select index 4 into 'ar_cnt' is out of bounds [/wrk/2020.1/nightly/2020_05_27_2902540/packages/customer/vivado/data/ip/xilinx/processing_system7_vip_v1_0/hdl/processing_system7_vip_v1_0_vl_rfs.sv:8074]
WARNING: [VRFC 10-3705] select index 4 into 'wr_rresp_cnt' is out of bounds [/wrk/2020.1/nightly/2020_05_27_2902540/packages/customer/vivado/data/ip/xilinx/processing_system7_vip_v1_0/hdl/processing_system7_vip_v1_0_vl_rfs.sv:8171]
WARNING: [VRFC 10-3705] select index 4 into 'rd_fifo_wr_ptr' is out of bounds [/wrk/2020.1/nightly/2020_05_27_2902540/packages/customer/vivado/data/ip/xilinx/processing_system7_vip_v1_0/hdl/processing_system7_vip_v1_0_vl_rfs.sv:8190]
WARNING: [VRFC 10-3705] select index 4 into 'rd_cnt' is out of bounds [/wrk/2020.1/nightly/2020_05_27_2902540/packages/customer/vivado/data/ip/xilinx/processing_system7_vip_v1_0/hdl/processing_system7_vip_v1_0_vl_rfs.sv:8331]
WARNING: [VRFC 10-3705] select index 4 into 'rresp_time_cnt' is out of bounds [/wrk/2020.1/nightly/2020_05_27_2902540/packages/customer/vivado/data/ip/xilinx/processing_system7_vip_v1_0/hdl/processing_system7_vip_v1_0_vl_rfs.sv:8336]
WARNING: [VRFC 10-3705] select index 4 into 'rd_fifo_rd_ptr' is out of bounds [/wrk/2020.1/nightly/2020_05_27_2902540/packages/customer/vivado/data/ip/xilinx/processing_system7_vip_v1_0/hdl/processing_system7_vip_v1_0_vl_rfs.sv:8341]
Completed static elaboration
Starting simulation data flow analysis
Completed simulation data flow analysis
Time Resolution for simulation is 1ps
Compiling package std.standard
Compiling package std.textio
Compiling package ieee.std_logic_1164
Compiling package ieee.numeric_std
Compiling package unisim.vcomponents
Compiling package ieee.std_logic_arith
Compiling package ieee.std_logic_unsigned
Compiling package synopsys.attributes
Compiling package ieee.std_logic_misc
Compiling package axi_lite_ipif_v3_0_4.ipif_pkg
Compiling package ieee.vital_timing
Compiling package ieee.vital_primitives
Compiling package unisim.vpkg
Compiling package vl.vl_types
Compiling module xil_defaultlib.glbl
Compiling architecture imp of entity axi_lite_ipif_v3_0_4.pselect_f [\pselect_f(c_ab=2,c_aw=2,c_bar="...]
Compiling architecture imp of entity axi_lite_ipif_v3_0_4.pselect_f [\pselect_f(c_ab=2,c_aw=2,c_bar="...]
Compiling architecture imp of entity axi_lite_ipif_v3_0_4.pselect_f [\pselect_f(c_ab=2,c_aw=2,c_bar="...]
Compiling architecture imp of entity axi_lite_ipif_v3_0_4.pselect_f [\pselect_f(c_ab=2,c_aw=2,c_bar="...]
Compiling architecture imp of entity axi_lite_ipif_v3_0_4.address_decoder [\address_decoder(c_bus_awidth=9,...]
Compiling architecture imp of entity axi_lite_ipif_v3_0_4.slave_attachment [\slave_attachment(c_ard_addr_ran...]
Compiling architecture imp of entity axi_lite_ipif_v3_0_4.axi_lite_ipif [\axi_lite_ipif(c_s_axi_addr_widt...]
Compiling architecture fdre_v of entity unisim.FDRE [fdre_default]
Compiling architecture fdr_v of entity unisim.FDR [fdr_default]
Compiling architecture implementation of entity lib_cdc_v1_0_2.cdc_sync [\cdc_sync(c_single_bit=0,c_vecto...]
Compiling architecture imp of entity axi_gpio_v2_0_23.GPIO_Core [\GPIO_Core(c_aw=9,c_gpio_width=5...]
Compiling architecture imp of entity axi_gpio_v2_0_23.axi_gpio [\axi_gpio(c_family="zynq",c_gpio...]
Compiling architecture final_proj_axi_gpio_0_0_arch of entity xil_defaultlib.final_proj_axi_gpio_0_0 [final_proj_axi_gpio_0_0_default]
Compiling architecture implementation of entity lib_cdc_v1_0_2.cdc_sync [\cdc_sync(c_single_bit=0,c_vecto...]
Compiling architecture imp of entity axi_gpio_v2_0_23.GPIO_Core [\GPIO_Core(c_aw=9,c_gpio_width=8...]
Compiling architecture imp of entity axi_gpio_v2_0_23.axi_gpio [\axi_gpio(c_family="zynq",c_gpio...]
Compiling architecture final_proj_axi_gpio_0_1_arch of entity xil_defaultlib.final_proj_axi_gpio_0_1 [final_proj_axi_gpio_0_1_default]
Compiling architecture imp of entity axi_gpio_v2_0_23.GPIO_Core [\GPIO_Core(c_aw=9,c_gpio_width=8...]
Compiling architecture imp of entity axi_gpio_v2_0_23.axi_gpio [\axi_gpio(c_family="zynq",c_gpio...]
Compiling architecture final_proj_axi_gpio_0_2_arch of entity xil_defaultlib.final_proj_axi_gpio_0_2 [final_proj_axi_gpio_0_2_default]
Compiling module processing_system7_vip_v1_0_9.processing_system7_vip_v1_0_9_ge...
Compiling module processing_system7_vip_v1_0_9.processing_system7_vip_v1_0_9_ge...
Compiling module processing_system7_vip_v1_0_9.processing_system7_vip_v1_0_9_ar...
Compiling module processing_system7_vip_v1_0_9.processing_system7_vip_v1_0_9_ar...
Compiling module processing_system7_vip_v1_0_9.processing_system7_vip_v1_0_9_fm...
Compiling module processing_system7_vip_v1_0_9.processing_system7_vip_v1_0_9_ar...
Compiling module processing_system7_vip_v1_0_9.processing_system7_vip_v1_0_9_ar...
Compiling module processing_system7_vip_v1_0_9.processing_system7_vip_v1_0_9_ar...
Compiling module processing_system7_vip_v1_0_9.processing_system7_vip_v1_0_9_ar...
Compiling module processing_system7_vip_v1_0_9.processing_system7_vip_v1_0_9_ss...
Compiling module processing_system7_vip_v1_0_9.processing_system7_vip_v1_0_9_in...
Compiling module processing_system7_vip_v1_0_9.processing_system7_vip_v1_0_9_sp...
Compiling module processing_system7_vip_v1_0_9.processing_system7_vip_v1_0_9_dd...
Compiling module processing_system7_vip_v1_0_9.processing_system7_vip_v1_0_9_oc...
Compiling module processing_system7_vip_v1_0_9.processing_system7_vip_v1_0_9_oc...
Compiling module processing_system7_vip_v1_0_9.processing_system7_vip_v1_0_9_re...
Compiling module processing_system7_vip_v1_0_9.processing_system7_vip_v1_0_9_re...
Compiling module xilinx_vip.axi_vip_axi4pc(WDATA_WIDTH=32,RD...
Compiling module xilinx_vip.cb
Compiling module xilinx_vip.axi_vip_if(C_AXI_PROTOCOL=1,C_AX...
Compiling module axi_vip_v1_1_7.axi_vip_v1_1_7_top(C_AXI_PROTOCO...
Compiling module processing_system7_vip_v1_0_9.processing_system7_vip_v1_0_9_ax...
Compiling module processing_system7_vip_v1_0_9.processing_system7_vip_v1_0_9_ax...
Compiling module xilinx_vip.axi_vip_axi4pc(WDATA_WIDTH=32,RD...
Compiling module xilinx_vip.cb
Compiling module xilinx_vip.axi_vip_if(C_AXI_PROTOCOL=1,C_AX...
Compiling module axi_vip_v1_1_7.axi_vip_v1_1_7_top(C_AXI_PROTOCO...
Compiling module processing_system7_vip_v1_0_9.processing_system7_vip_v1_0_9_ax...
Compiling module processing_system7_vip_v1_0_9.processing_system7_vip_v1_0_9_ax...
Compiling module xilinx_vip.axi_vip_axi4pc(PROTOCOL=1,RID_WI...
Compiling module xilinx_vip.cb
Compiling module xilinx_vip.axi_vip_if(C_AXI_PROTOCOL=1,C_AX...
Compiling module axi_vip_v1_1_7.axi_vip_v1_1_7_top(C_AXI_PROTOCO...
Compiling module processing_system7_vip_v1_0_9.processing_system7_vip_v1_0_9_in...
Compiling module processing_system7_vip_v1_0_9.processing_system7_vip_v1_0_9_af...
Compiling module processing_system7_vip_v1_0_9.processing_system7_vip_v1_0_9_af...
Compiling module processing_system7_vip_v1_0_9.processing_system7_vip_v1_0_9_af...
Compiling module processing_system7_vip_v1_0_9.processing_system7_vip_v1_0_9_af...
Compiling module xilinx_vip.axi_vip_axi4pc(PROTOCOL=1,RID_WI...
Compiling module xilinx_vip.cb
Compiling module xilinx_vip.axi_vip_if(C_AXI_PROTOCOL=1,C_AX...
Compiling module axi_vip_v1_1_7.axi_vip_v1_1_7_top(C_AXI_PROTOCO...
Compiling module processing_system7_vip_v1_0_9.processing_system7_vip_v1_0_9_ax...
Compiling module processing_system7_vip_v1_0_9.processing_system7_vip_v1_0_9(C_...
Compiling module xil_defaultlib.final_proj_processing_system7_0_...
Compiling architecture structure of entity xil_defaultlib.m00_couplers_imp_PONY3V [m00_couplers_imp_pony3v_default]
Compiling architecture structure of entity xil_defaultlib.m01_couplers_imp_G2X3QL [m01_couplers_imp_g2x3ql_default]
Compiling architecture structure of entity xil_defaultlib.m02_couplers_imp_15PWUEF [m02_couplers_imp_15pwuef_default]
Compiling module axi_infrastructure_v1_1_0.axi_infrastructure_v1_1_0_axi2ve...
Compiling module axi_infrastructure_v1_1_0.axi_infrastructure_v1_1_0_vector...
Compiling module axi_register_slice_v2_1_21.axi_register_slice_v2_1_21_axic_...
Compiling module axi_register_slice_v2_1_21.axi_register_slice_v2_1_21_axic_...
Compiling module axi_register_slice_v2_1_21.axi_register_slice_v2_1_21_axic_...
Compiling module axi_register_slice_v2_1_21.axi_register_slice_v2_1_21_axic_...
Compiling module axi_register_slice_v2_1_21.axi_register_slice_v2_1_21_axi_r...
Compiling module axi_protocol_converter_v2_1_21.axi_protocol_converter_v2_1_21_b...
Compiling module axi_protocol_converter_v2_1_21.axi_protocol_converter_v2_1_21_b...
Compiling module axi_protocol_converter_v2_1_21.axi_protocol_converter_v2_1_21_b...
Compiling module axi_protocol_converter_v2_1_21.axi_protocol_converter_v2_1_21_b...
Compiling module axi_protocol_converter_v2_1_21.axi_protocol_converter_v2_1_21_b...
Compiling module axi_protocol_converter_v2_1_21.axi_protocol_converter_v2_1_21_b...
Compiling module axi_protocol_converter_v2_1_21.axi_protocol_converter_v2_1_21_b...
Compiling module axi_protocol_converter_v2_1_21.axi_protocol_converter_v2_1_21_b...
Compiling module axi_protocol_converter_v2_1_21.axi_protocol_converter_v2_1_21_b...
Compiling module axi_protocol_converter_v2_1_21.axi_protocol_converter_v2_1_21_b...
Compiling module axi_protocol_converter_v2_1_21.axi_protocol_converter_v2_1_21_b...
Compiling module axi_protocol_converter_v2_1_21.axi_protocol_converter_v2_1_21_b...
Compiling module axi_protocol_converter_v2_1_21.axi_protocol_converter_v2_1_21_b...
Compiling module axi_infrastructure_v1_1_0.axi_infrastructure_v1_1_0_axi2ve...
Compiling module axi_infrastructure_v1_1_0.axi_infrastructure_v1_1_0_vector...
Compiling module axi_register_slice_v2_1_21.axi_register_slice_v2_1_21_axic_...
Compiling module axi_register_slice_v2_1_21.axi_register_slice_v2_1_21_axic_...
Compiling module axi_register_slice_v2_1_21.axi_register_slice_v2_1_21_axic_...
Compiling module axi_register_slice_v2_1_21.axi_register_slice_v2_1_21_axic_...
Compiling module axi_register_slice_v2_1_21.axi_register_slice_v2_1_21_axi_r...
Compiling module axi_protocol_converter_v2_1_21.axi_protocol_converter_v2_1_21_b...
Compiling module axi_protocol_converter_v2_1_21.axi_protocol_converter_v2_1_21_a...
Compiling module xil_defaultlib.final_proj_auto_pc_0
Compiling architecture structure of entity xil_defaultlib.s00_couplers_imp_HFOZVU [s00_couplers_imp_hfozvu_default]
Compiling module axi_crossbar_v2_1_22.axi_crossbar_v2_1_22_addr_arbite...
Compiling module generic_baseblocks_v2_1_0.generic_baseblocks_v2_1_0_carry_...
Compiling module generic_baseblocks_v2_1_0.generic_baseblocks_v2_1_0_compar...
Compiling module generic_baseblocks_v2_1_0.generic_baseblocks_v2_1_0_compar...
Compiling module generic_baseblocks_v2_1_0.generic_baseblocks_v2_1_0_compar...
Compiling module axi_crossbar_v2_1_22.axi_crossbar_v2_1_22_addr_decode...
Compiling module axi_crossbar_v2_1_22.axi_crossbar_v2_1_22_splitter(C_...
Compiling module axi_crossbar_v2_1_22.axi_crossbar_v2_1_22_splitter
Compiling module generic_baseblocks_v2_1_0.generic_baseblocks_v2_1_0_mux_en...
Compiling module generic_baseblocks_v2_1_0.generic_baseblocks_v2_1_0_mux_en...
Compiling module generic_baseblocks_v2_1_0.generic_baseblocks_v2_1_0_mux_en...
Compiling module axi_register_slice_v2_1_21.axi_register_slice_v2_1_21_axic_...
Compiling module generic_baseblocks_v2_1_0.generic_baseblocks_v2_1_0_mux_en...
Compiling module axi_crossbar_v2_1_22.axi_crossbar_v2_1_22_decerr_slav...
Compiling module axi_crossbar_v2_1_22.axi_crossbar_v2_1_22_crossbar_sa...
Compiling module axi_crossbar_v2_1_22.axi_crossbar_v2_1_22_axi_crossba...
Compiling module xil_defaultlib.final_proj_xbar_0
Compiling package xilinx_vip.axi_vip_pkg
Compiling package xilinx_vip.xil_common_vip_pkg
Compiling package std.std
Compiling architecture structure of entity xil_defaultlib.final_proj_ps7_0_axi_periph_0 [final_proj_ps7_0_axi_periph_0_de...]
Compiling architecture fdre_v of entity unisim.FDRE [\FDRE(init='1')\]
Compiling architecture implementation of entity lib_cdc_v1_0_2.cdc_sync [\cdc_sync(c_vector_width=2,c_mtb...]
Compiling architecture srl16e_v of entity unisim.SRL16E [\SRL16E(init="1111111111111111")...]
Compiling architecture srl16_v of entity unisim.SRL16 [\SRL16(init="1111111111111111")(...]
Compiling architecture imp of entity proc_sys_reset_v5_0_13.lpf [\lpf(c_ext_rst_width=4,c_aux_rst...]
Compiling architecture imp of entity proc_sys_reset_v5_0_13.upcnt_n [\upcnt_n(c_size=6)\]
Compiling architecture imp of entity proc_sys_reset_v5_0_13.sequence_psr [sequence_psr_default]
Compiling architecture imp of entity proc_sys_reset_v5_0_13.proc_sys_reset [\proc_sys_reset(c_family="zynq",...]
Compiling architecture final_proj_rst_ps7_0_100m_0_arch of entity xil_defaultlib.final_proj_rst_ps7_0_100M_0 [final_proj_rst_ps7_0_100m_0_defa...]
Compiling architecture structure of entity xil_defaultlib.final_proj [final_proj_default]
Compiling architecture structure of entity xil_defaultlib.final_proj_wrapper
Built simulation snapshot final_proj_wrapper_behav
