
*** Running vivado
    with args -log final_proj_analog_channel_fr_0_2.vds -m64 -product Vivado -mode batch -messageDb vivado.pb -notrace -source final_proj_analog_channel_fr_0_2.tcl



****** Vivado v2020.1 (64-bit)
  **** SW Build 2902540 on Wed May 27 19:54:49 MDT 2020
  **** IP Build 2902112 on Wed May 27 22:43:36 MDT 2020
    ** Copyright 1986-2020 Xilinx, Inc. All Rights Reserved.

source final_proj_analog_channel_fr_0_2.tcl -notrace
INFO: [IP_Flow 19-234] Refreshing IP repositories
INFO: [IP_Flow 19-1700] Loaded user IP repository 'c:/Temp/sa2-final/ip_repo/the_analog_channel_1.0'.
INFO: [IP_Flow 19-1700] Loaded user IP repository 'c:/Temp/sa2-final/ip_repo/analog_channel_final_1.0'.
INFO: [IP_Flow 19-1700] Loaded user IP repository 'c:/Temp/sa2-final/ip_repo/analog_channel_fr_1.0'.
INFO: [IP_Flow 19-1700] Loaded user IP repository 'c:/Temp/sa2-final/ip_repo/analog_channel_la_1.0'.
INFO: [IP_Flow 19-1700] Loaded user IP repository 'c:/Temp/sa2-final/digital_channel/digital_channel_1.0'.
WARNING: [IP_Flow 19-2207] Repository 'c:/Temp/sa2-final/digital_channel/digital_channel_1.0' already exists; ignoring attempt to add it again.
INFO: [IP_Flow 19-1700] Loaded user IP repository 'c:/Temp/sa2-final/digital_channel/digital_channel_1.0'.
INFO: [IP_Flow 19-2313] Loaded Vivado IP repository 'C:/Xilinx/Vivado/2020.1/data/ip'.
Command: synth_design -top final_proj_analog_channel_fr_0_2 -part xc7z020clg484-1 -mode out_of_context
Starting synth_design
Attempting to get a license for feature 'Synthesis' and/or device 'xc7z020'
INFO: [Common 17-349] Got license for feature 'Synthesis' and/or device 'xc7z020'
INFO: [Device 21-403] Loading part xc7z020clg484-1
INFO: [Synth 8-7079] Multithreading enabled for synth_design using a maximum of 2 processes.
INFO: [Synth 8-7078] Launching helper process for spawning children vivado processes
INFO: [Synth 8-7075] Helper process launched with PID 20672
WARNING: [Synth 8-6901] identifier 'sample_done' is used before its declaration [c:/Temp/sa2-final/SA2_final_project/SA2_final_project.srcs/sources_1/bd/final_proj/ipshared/d14f/src/analog_channel_fr_v1_0_S00_AXI.v:273]
WARNING: [Synth 8-6901] identifier 'buf_do' is used before its declaration [c:/Temp/sa2-final/SA2_final_project/SA2_final_project.srcs/sources_1/bd/final_proj/ipshared/d14f/src/analog_channel_fr_v1_0_S00_AXI.v:274]
---------------------------------------------------------------------------------
Starting RTL Elaboration : Time (s): cpu = 00:00:01 ; elapsed = 00:00:02 . Memory (MB): peak = 1012.641 ; gain = 0.000
---------------------------------------------------------------------------------
INFO: [Synth 8-6157] synthesizing module 'final_proj_analog_channel_fr_0_2' [c:/Temp/sa2-final/SA2_final_project/SA2_final_project.srcs/sources_1/bd/final_proj/ip/final_proj_analog_channel_fr_0_2/synth/final_proj_analog_channel_fr_0_2.v:56]
INFO: [Synth 8-6157] synthesizing module 'analog_channel_fr_v1_0' [c:/Temp/sa2-final/SA2_final_project/SA2_final_project.srcs/sources_1/bd/final_proj/ipshared/d14f/src/analog_channel_fr_v1_0.v:4]
	Parameter C_S00_AXI_DATA_WIDTH bound to: 32 - type: integer 
	Parameter C_S00_AXI_ADDR_WIDTH bound to: 6 - type: integer 
INFO: [Synth 8-6157] synthesizing module 'analog_channel_fr_v1_0_S00_AXI' [c:/Temp/sa2-final/SA2_final_project/SA2_final_project.srcs/sources_1/bd/final_proj/ipshared/d14f/src/analog_channel_fr_v1_0_S00_AXI.v:4]
	Parameter C_S_AXI_DATA_WIDTH bound to: 32 - type: integer 
	Parameter C_S_AXI_ADDR_WIDTH bound to: 6 - type: integer 
	Parameter ADDR_LSB bound to: 2 - type: integer 
	Parameter OPT_MEM_ADDR_BITS bound to: 3 - type: integer 
INFO: [Synth 8-226] default block is never used [c:/Temp/sa2-final/SA2_final_project/SA2_final_project.srcs/sources_1/bd/final_proj/ipshared/d14f/src/analog_channel_fr_v1_0_S00_AXI.v:278]
INFO: [Synth 8-226] default block is never used [c:/Temp/sa2-final/SA2_final_project/SA2_final_project.srcs/sources_1/bd/final_proj/ipshared/d14f/src/analog_channel_fr_v1_0_S00_AXI.v:515]
INFO: [Synth 8-6157] synthesizing module 'analog_channel' [c:/Temp/sa2-final/SA2_final_project/SA2_final_project.srcs/sources_1/bd/final_proj/ipshared/d14f/src/analog_channel.v:23]
INFO: [Synth 8-6157] synthesizing module 'analog_downsample' [c:/Temp/sa2-final/SA2_final_project/SA2_final_project.srcs/sources_1/bd/final_proj/ipshared/d14f/src/analog_downsample.v:23]
INFO: [Synth 8-6155] done synthesizing module 'analog_downsample' (1#1) [c:/Temp/sa2-final/SA2_final_project/SA2_final_project.srcs/sources_1/bd/final_proj/ipshared/d14f/src/analog_downsample.v:23]
INFO: [Synth 8-6157] synthesizing module 'analog_trigger' [c:/Temp/sa2-final/SA2_final_project/SA2_final_project.srcs/sources_1/bd/final_proj/ipshared/d14f/src/analog_trigger.v:27]
INFO: [Synth 8-6155] done synthesizing module 'analog_trigger' (2#1) [c:/Temp/sa2-final/SA2_final_project/SA2_final_project.srcs/sources_1/bd/final_proj/ipshared/d14f/src/analog_trigger.v:27]
WARNING: [Synth 8-689] width (12) of port connection 'val_o' does not match port width (1) of module 'analog_trigger' [c:/Temp/sa2-final/SA2_final_project/SA2_final_project.srcs/sources_1/bd/final_proj/ipshared/d14f/src/analog_channel.v:108]
INFO: [Synth 8-6157] synthesizing module 'analog_streamer' [c:/Temp/sa2-final/SA2_final_project/SA2_final_project.srcs/sources_1/bd/final_proj/ipshared/d14f/src/analog_streamer.v:23]
INFO: [Synth 8-6155] done synthesizing module 'analog_streamer' (3#1) [c:/Temp/sa2-final/SA2_final_project/SA2_final_project.srcs/sources_1/bd/final_proj/ipshared/d14f/src/analog_streamer.v:23]
INFO: [Synth 8-6157] synthesizing module 'analog_buffer' [c:/Temp/sa2-final/SA2_final_project/SA2_final_project.srcs/sources_1/bd/final_proj/ipshared/d14f/src/analog_buffer.v:26]
INFO: [Synth 8-6155] done synthesizing module 'analog_buffer' (4#1) [c:/Temp/sa2-final/SA2_final_project/SA2_final_project.srcs/sources_1/bd/final_proj/ipshared/d14f/src/analog_buffer.v:26]
WARNING: [Synth 8-689] width (32) of port connection 'di' does not match port width (12) of module 'analog_buffer' [c:/Temp/sa2-final/SA2_final_project/SA2_final_project.srcs/sources_1/bd/final_proj/ipshared/d14f/src/analog_channel.v:135]
WARNING: [Synth 8-689] width (32) of port connection 'dout' does not match port width (12) of module 'analog_buffer' [c:/Temp/sa2-final/SA2_final_project/SA2_final_project.srcs/sources_1/bd/final_proj/ipshared/d14f/src/analog_channel.v:136]
INFO: [Synth 8-6155] done synthesizing module 'analog_channel' (5#1) [c:/Temp/sa2-final/SA2_final_project/SA2_final_project.srcs/sources_1/bd/final_proj/ipshared/d14f/src/analog_channel.v:23]
WARNING: [Synth 8-689] width (32) of port connection 'buf_we_i' does not match port width (1) of module 'analog_channel' [c:/Temp/sa2-final/SA2_final_project/SA2_final_project.srcs/sources_1/bd/final_proj/ipshared/d14f/src/analog_channel_fr_v1_0_S00_AXI.v:582]
WARNING: [Synth 8-689] width (32) of port connection 'buf_addr_i' does not match port width (10) of module 'analog_channel' [c:/Temp/sa2-final/SA2_final_project/SA2_final_project.srcs/sources_1/bd/final_proj/ipshared/d14f/src/analog_channel_fr_v1_0_S00_AXI.v:583]
INFO: [Synth 8-6155] done synthesizing module 'analog_channel_fr_v1_0_S00_AXI' (6#1) [c:/Temp/sa2-final/SA2_final_project/SA2_final_project.srcs/sources_1/bd/final_proj/ipshared/d14f/src/analog_channel_fr_v1_0_S00_AXI.v:4]
INFO: [Synth 8-6155] done synthesizing module 'analog_channel_fr_v1_0' (7#1) [c:/Temp/sa2-final/SA2_final_project/SA2_final_project.srcs/sources_1/bd/final_proj/ipshared/d14f/src/analog_channel_fr_v1_0.v:4]
INFO: [Synth 8-6155] done synthesizing module 'final_proj_analog_channel_fr_0_2' (8#1) [c:/Temp/sa2-final/SA2_final_project/SA2_final_project.srcs/sources_1/bd/final_proj/ip/final_proj_analog_channel_fr_0_2/synth/final_proj_analog_channel_fr_0_2.v:56]
---------------------------------------------------------------------------------
Finished RTL Elaboration : Time (s): cpu = 00:00:02 ; elapsed = 00:00:02 . Memory (MB): peak = 1012.641 ; gain = 0.000
---------------------------------------------------------------------------------
---------------------------------------------------------------------------------
Start Handling Custom Attributes
---------------------------------------------------------------------------------
---------------------------------------------------------------------------------
Finished Handling Custom Attributes : Time (s): cpu = 00:00:02 ; elapsed = 00:00:03 . Memory (MB): peak = 1012.641 ; gain = 0.000
---------------------------------------------------------------------------------
---------------------------------------------------------------------------------
Finished RTL Optimization Phase 1 : Time (s): cpu = 00:00:02 ; elapsed = 00:00:03 . Memory (MB): peak = 1012.641 ; gain = 0.000
---------------------------------------------------------------------------------
Netlist sorting complete. Time (s): cpu = 00:00:00 ; elapsed = 00:00:00.011 . Memory (MB): peak = 1012.641 ; gain = 0.000
INFO: [Project 1-570] Preparing netlist for logic optimization

Processing XDC Constraints
Initializing timing engine
Completed Processing XDC Constraints

Netlist sorting complete. Time (s): cpu = 00:00:00 ; elapsed = 00:00:00 . Memory (MB): peak = 1036.078 ; gain = 0.000
INFO: [Project 1-111] Unisim Transformation Summary:
No Unisim elements were transformed.

Constraint Validation Runtime : Time (s): cpu = 00:00:00 ; elapsed = 00:00:00.019 . Memory (MB): peak = 1036.082 ; gain = 0.004
---------------------------------------------------------------------------------
Finished Constraint Validation : Time (s): cpu = 00:00:05 ; elapsed = 00:00:05 . Memory (MB): peak = 1036.082 ; gain = 23.441
---------------------------------------------------------------------------------
---------------------------------------------------------------------------------
Start Loading Part and Timing Information
---------------------------------------------------------------------------------
Loading part: xc7z020clg484-1
---------------------------------------------------------------------------------
Finished Loading Part and Timing Information : Time (s): cpu = 00:00:05 ; elapsed = 00:00:05 . Memory (MB): peak = 1036.082 ; gain = 23.441
---------------------------------------------------------------------------------
---------------------------------------------------------------------------------
Start Applying 'set_property' XDC Constraints
---------------------------------------------------------------------------------
---------------------------------------------------------------------------------
Finished applying 'set_property' XDC Constraints : Time (s): cpu = 00:00:05 ; elapsed = 00:00:05 . Memory (MB): peak = 1036.082 ; gain = 23.441
---------------------------------------------------------------------------------
---------------------------------------------------------------------------------
Finished RTL Optimization Phase 2 : Time (s): cpu = 00:00:05 ; elapsed = 00:00:05 . Memory (MB): peak = 1036.082 ; gain = 23.441
---------------------------------------------------------------------------------
---------------------------------------------------------------------------------
Start RTL Component Statistics 
---------------------------------------------------------------------------------
Detailed RTL Component Info : 
+---Adders : 
	   2 Input   10 Bit       Adders := 1     
	   2 Input    5 Bit       Adders := 1     
+---Registers : 
	               32 Bit    Registers := 17    
	               12 Bit    Registers := 3     
	               10 Bit    Registers := 1     
	                6 Bit    Registers := 3     
	                2 Bit    Registers := 2     
	                1 Bit    Registers := 10    
+---RAMs : 
	              12K Bit	(1024 X 12 bit)          RAMs := 1     
+---Muxes : 
	   2 Input   32 Bit        Muxes := 18    
	  16 Input   32 Bit        Muxes := 17    
	   2 Input   12 Bit        Muxes := 1     
	   2 Input   10 Bit        Muxes := 2     
	   2 Input    8 Bit        Muxes := 6     
	   2 Input    5 Bit        Muxes := 1     
	   2 Input    1 Bit        Muxes := 11    
	   4 Input    1 Bit        Muxes := 1     
---------------------------------------------------------------------------------
Finished RTL Component Statistics 
---------------------------------------------------------------------------------
---------------------------------------------------------------------------------
Start Part Resource Summary
---------------------------------------------------------------------------------
Part Resources:
DSPs: 220 (col length:60)
BRAMs: 280 (col length: RAMB18 60 RAMB36 30)
---------------------------------------------------------------------------------
Finished Part Resource Summary
---------------------------------------------------------------------------------
---------------------------------------------------------------------------------
Start Cross Boundary and Area Optimization
---------------------------------------------------------------------------------
---------------------------------------------------------------------------------
Finished Cross Boundary and Area Optimization : Time (s): cpu = 00:00:06 ; elapsed = 00:00:07 . Memory (MB): peak = 1036.082 ; gain = 23.441
---------------------------------------------------------------------------------
---------------------------------------------------------------------------------
Start ROM, RAM, DSP and Shift Register Reporting
---------------------------------------------------------------------------------

Block RAM: Preliminary Mapping	Report (see note below)
+---------------------------------+-----------------------------------------------------------+------------------------+---+---+------------------------+---+---+------------------+--------+--------+
|Module Name                      | RTL Object                                                | PORT A (Depth x Width) | W | R | PORT B (Depth x Width) | W | R | Ports driving FF | RAMB18 | RAMB36 | 
+---------------------------------+-----------------------------------------------------------+------------------------+---+---+------------------------+---+---+------------------+--------+--------+
|final_proj_analog_channel_fr_0_2 | inst/analog_channel_fr_v1_0_S00_AXI_inst/ach/buff/RAM_reg | 1 K x 12(WRITE_FIRST)  | W | R |                        |   |   | Port A           | 1      | 0      | 
+---------------------------------+-----------------------------------------------------------+------------------------+---+---+------------------------+---+---+------------------+--------+--------+

Note: The table above is a preliminary report that shows the Block RAMs at the current stage of the synthesis flow. Some Block RAMs may be reimplemented as non Block RAM primitives later in the synthesis flow. Multiple instantiated Block RAMs are reported only once. 
---------------------------------------------------------------------------------
Finished ROM, RAM, DSP and Shift Register Reporting
---------------------------------------------------------------------------------
---------------------------------------------------------------------------------
Start Applying XDC Timing Constraints
---------------------------------------------------------------------------------
---------------------------------------------------------------------------------
Finished Applying XDC Timing Constraints : Time (s): cpu = 00:00:09 ; elapsed = 00:00:10 . Memory (MB): peak = 1036.082 ; gain = 23.441
---------------------------------------------------------------------------------
---------------------------------------------------------------------------------
Start Timing Optimization
---------------------------------------------------------------------------------
---------------------------------------------------------------------------------
Finished Timing Optimization : Time (s): cpu = 00:00:09 ; elapsed = 00:00:10 . Memory (MB): peak = 1036.082 ; gain = 23.441
---------------------------------------------------------------------------------
---------------------------------------------------------------------------------
Start ROM, RAM, DSP and Shift Register Reporting
---------------------------------------------------------------------------------

Block RAM: Final Mapping	Report
+---------------------------------+-----------------------------------------------------------+------------------------+---+---+------------------------+---+---+------------------+--------+--------+
|Module Name                      | RTL Object                                                | PORT A (Depth x Width) | W | R | PORT B (Depth x Width) | W | R | Ports driving FF | RAMB18 | RAMB36 | 
+---------------------------------+-----------------------------------------------------------+------------------------+---+---+------------------------+---+---+------------------+--------+--------+
|final_proj_analog_channel_fr_0_2 | inst/analog_channel_fr_v1_0_S00_AXI_inst/ach/buff/RAM_reg | 1 K x 12(WRITE_FIRST)  | W | R |                        |   |   | Port A           | 1      | 0      | 
+---------------------------------+-----------------------------------------------------------+------------------------+---+---+------------------------+---+---+------------------+--------+--------+

---------------------------------------------------------------------------------
Finished ROM, RAM, DSP and Shift Register Reporting
---------------------------------------------------------------------------------
---------------------------------------------------------------------------------
Start Technology Mapping
---------------------------------------------------------------------------------
INFO: [Synth 8-7052] The timing for the instance inst/analog_channel_fr_v1_0_S00_AXI_inst/ach/buff/RAM_reg (implemented as a Block RAM) might be sub-optimal as no optional output register could be merged into the ram block. Providing additional output register may help in improving timing.
---------------------------------------------------------------------------------
Finished Technology Mapping : Time (s): cpu = 00:00:09 ; elapsed = 00:00:10 . Memory (MB): peak = 1042.113 ; gain = 29.473
---------------------------------------------------------------------------------
---------------------------------------------------------------------------------
Start IO Insertion
---------------------------------------------------------------------------------
---------------------------------------------------------------------------------
Start Flattening Before IO Insertion
---------------------------------------------------------------------------------
---------------------------------------------------------------------------------
Finished Flattening Before IO Insertion
---------------------------------------------------------------------------------
---------------------------------------------------------------------------------
Start Final Netlist Cleanup
---------------------------------------------------------------------------------
---------------------------------------------------------------------------------
Finished Final Netlist Cleanup
---------------------------------------------------------------------------------
---------------------------------------------------------------------------------
Finished IO Insertion : Time (s): cpu = 00:00:11 ; elapsed = 00:00:11 . Memory (MB): peak = 1048.383 ; gain = 35.742
---------------------------------------------------------------------------------
---------------------------------------------------------------------------------
Start Renaming Generated Instances
---------------------------------------------------------------------------------
---------------------------------------------------------------------------------
Finished Renaming Generated Instances : Time (s): cpu = 00:00:11 ; elapsed = 00:00:11 . Memory (MB): peak = 1048.383 ; gain = 35.742
---------------------------------------------------------------------------------
---------------------------------------------------------------------------------
Start Rebuilding User Hierarchy
---------------------------------------------------------------------------------
---------------------------------------------------------------------------------
Finished Rebuilding User Hierarchy : Time (s): cpu = 00:00:11 ; elapsed = 00:00:11 . Memory (MB): peak = 1048.383 ; gain = 35.742
---------------------------------------------------------------------------------
---------------------------------------------------------------------------------
Start Renaming Generated Ports
---------------------------------------------------------------------------------
---------------------------------------------------------------------------------
Finished Renaming Generated Ports : Time (s): cpu = 00:00:11 ; elapsed = 00:00:11 . Memory (MB): peak = 1048.383 ; gain = 35.742
---------------------------------------------------------------------------------
---------------------------------------------------------------------------------
Start Handling Custom Attributes
---------------------------------------------------------------------------------
---------------------------------------------------------------------------------
Finished Handling Custom Attributes : Time (s): cpu = 00:00:11 ; elapsed = 00:00:11 . Memory (MB): peak = 1048.414 ; gain = 35.773
---------------------------------------------------------------------------------
---------------------------------------------------------------------------------
Start Renaming Generated Nets
---------------------------------------------------------------------------------
---------------------------------------------------------------------------------
Finished Renaming Generated Nets : Time (s): cpu = 00:00:11 ; elapsed = 00:00:11 . Memory (MB): peak = 1048.414 ; gain = 35.773
---------------------------------------------------------------------------------
---------------------------------------------------------------------------------
Start Writing Synthesis Report
---------------------------------------------------------------------------------

Report BlackBoxes: 
+-+--------------+----------+
| |BlackBox name |Instances |
+-+--------------+----------+
+-+--------------+----------+

Report Cell Usage: 
+------+---------+------+
|      |Cell     |Count |
+------+---------+------+
|1     |LUT1     |     1|
|2     |LUT2     |    44|
|3     |LUT3     |     1|
|4     |LUT4     |    63|
|5     |LUT5     |    21|
|6     |LUT6     |   146|
|7     |MUXF7    |    64|
|8     |MUXF8    |    32|
|9     |RAMB18E1 |     1|
|10    |FDRE     |   557|
|11    |FDSE     |     1|
+------+---------+------+
---------------------------------------------------------------------------------
Finished Writing Synthesis Report : Time (s): cpu = 00:00:11 ; elapsed = 00:00:11 . Memory (MB): peak = 1048.414 ; gain = 35.773
---------------------------------------------------------------------------------
Synthesis finished with 0 errors, 0 critical warnings and 0 warnings.
Synthesis Optimization Runtime : Time (s): cpu = 00:00:08 ; elapsed = 00:00:10 . Memory (MB): peak = 1048.414 ; gain = 12.332
Synthesis Optimization Complete : Time (s): cpu = 00:00:11 ; elapsed = 00:00:11 . Memory (MB): peak = 1048.414 ; gain = 35.773
INFO: [Project 1-571] Translating synthesized netlist
Netlist sorting complete. Time (s): cpu = 00:00:00 ; elapsed = 00:00:00.003 . Memory (MB): peak = 1059.492 ; gain = 0.000
INFO: [Netlist 29-17] Analyzing 97 Unisim elements for replacement
INFO: [Netlist 29-28] Unisim Transformation completed in 0 CPU seconds
INFO: [Project 1-570] Preparing netlist for logic optimization
INFO: [Opt 31-138] Pushed 0 inverter(s) to 0 load pin(s).
Netlist sorting complete. Time (s): cpu = 00:00:00 ; elapsed = 00:00:00 . Memory (MB): peak = 1064.941 ; gain = 0.000
INFO: [Project 1-111] Unisim Transformation Summary:
No Unisim elements were transformed.

INFO: [Common 17-83] Releasing license: Synthesis
41 Infos, 8 Warnings, 0 Critical Warnings and 0 Errors encountered.
synth_design completed successfully
synth_design: Time (s): cpu = 00:00:13 ; elapsed = 00:00:15 . Memory (MB): peak = 1064.941 ; gain = 52.301
INFO: [Common 17-1381] The checkpoint 'C:/Temp/sa2-final/SA2_final_project/SA2_final_project.runs/final_proj_analog_channel_fr_0_2_synth_1/final_proj_analog_channel_fr_0_2.dcp' has been generated.
WARNING: [Common 17-576] 'use_project_ipc' is deprecated. This option is deprecated and no longer used.
INFO: [Coretcl 2-1648] Added synthesis output to IP cache for IP final_proj_analog_channel_fr_0_2, cache-ID = 6c65e02c54eb5dde
INFO: [Coretcl 2-1174] Renamed 4 cell refs.
INFO: [Common 17-1381] The checkpoint 'C:/Temp/sa2-final/SA2_final_project/SA2_final_project.runs/final_proj_analog_channel_fr_0_2_synth_1/final_proj_analog_channel_fr_0_2.dcp' has been generated.
INFO: [runtcl-4] Executing : report_utilization -file final_proj_analog_channel_fr_0_2_utilization_synth.rpt -pb final_proj_analog_channel_fr_0_2_utilization_synth.pb
INFO: [Common 17-206] Exiting Vivado at Sat May  2 15:53:54 2026...
