Copyright 1986-2020 Xilinx, Inc. All Rights Reserved.
------------------------------------------------------------------------------------
| Tool Version : Vivado v.2020.1 (win64) Build 2902540 Wed May 27 19:54:49 MDT 2020
| Date         : Sat May  2 23:25:55 2026
| Host         : CO2041-13 running 64-bit major release  (build 9200)
| Command      : upgrade_ip
| Device       : xc7z020clg484-1
------------------------------------------------------------------------------------

Upgrade Log for IP 'final_proj_analog_channel_fr_0_2'

1. Summary
----------

SUCCESS in the conversion of final_proj_analog_channel_fr_0_2 (iastate.edu:user:analog_channel_fr:1.0 (Rev. 8)) to Vivado generation flows.






Copyright 1986-2020 Xilinx, Inc. All Rights Reserved.
------------------------------------------------------------------------------------
| Tool Version : Vivado v.2020.1 (win64) Build 2902540 Wed May 27 19:54:49 MDT 2020
| Date         : Sat May  2 23:20:40 2026
| Host         : CO2041-13 running 64-bit major release  (build 9200)
| Command      : upgrade_ip
| Device       : xc7z020clg484-1
------------------------------------------------------------------------------------

Upgrade Log for IP 'final_proj_analog_channel_fr_0_2'

1. Summary
----------

SUCCESS in the conversion of final_proj_analog_channel_fr_0_2 (iastate.edu:user:analog_channel_fr:1.0 (Rev. 8)) to Vivado generation flows.






Copyright 1986-2020 Xilinx, Inc. All Rights Reserved.
------------------------------------------------------------------------------------
| Tool Version : Vivado v.2020.1 (win64) Build 2902540 Wed May 27 19:54:49 MDT 2020
| Date         : Sat May  2 23:11:53 2026
| Host         : CO2041-13 running 64-bit major release  (build 9200)
| Command      : upgrade_ip
| Device       : xc7z020clg484-1
------------------------------------------------------------------------------------

Upgrade Log for IP 'final_proj_analog_channel_fr_0_2'

1. Summary
----------

SUCCESS in the conversion of final_proj_analog_channel_fr_0_2 (iastate.edu:user:analog_channel_fr:1.0 (Rev. 8)) to Vivado generation flows.






Copyright 1986-2020 Xilinx, Inc. All Rights Reserved.
------------------------------------------------------------------------------------
| Tool Version : Vivado v.2020.1 (win64) Build 2902540 Wed May 27 19:54:49 MDT 2020
| Date         : Sat May  2 22:51:56 2026
| Host         : CO2041-13 running 64-bit major release  (build 9200)
| Command      : upgrade_ip
| Device       : xc7z020clg484-1
------------------------------------------------------------------------------------

Upgrade Log for IP 'final_proj_analog_channel_fr_0_2'

1. Summary
----------

SUCCESS in the conversion of final_proj_analog_channel_fr_0_2 (iastate.edu:user:analog_channel_fr:1.0 (Rev. 8)) to Vivado generation flows.






Copyright 1986-2020 Xilinx, Inc. All Rights Reserved.
------------------------------------------------------------------------------------
| Tool Version : Vivado v.2020.1 (win64) Build 2902540 Wed May 27 19:54:49 MDT 2020
| Date         : Sat May  2 22:40:18 2026
| Host         : CO2041-13 running 64-bit major release  (build 9200)
| Command      : upgrade_ip
| Device       : xc7z020clg484-1
------------------------------------------------------------------------------------

Upgrade Log for IP 'final_proj_analog_channel_fr_0_2'

1. Summary
----------

SUCCESS in the conversion of final_proj_analog_channel_fr_0_2 (iastate.edu:user:analog_channel_fr:1.0 (Rev. 8)) to Vivado generation flows.






Copyright 1986-2020 Xilinx, Inc. All Rights Reserved.
------------------------------------------------------------------------------------
| Tool Version : Vivado v.2020.1 (win64) Build 2902540 Wed May 27 19:54:49 MDT 2020
| Date         : Sat May  2 22:37:05 2026
| Host         : CO2041-13 running 64-bit major release  (build 9200)
| Command      : upgrade_ip
| Device       : xc7z020clg484-1
------------------------------------------------------------------------------------

Upgrade Log for IP 'final_proj_analog_channel_fr_0_2'

1. Summary
----------

SUCCESS in the conversion of final_proj_analog_channel_fr_0_2 (iastate.edu:user:analog_channel_fr:1.0 (Rev. 8)) to Vivado generation flows.






Copyright 1986-2020 Xilinx, Inc. All Rights Reserved.
------------------------------------------------------------------------------------
| Tool Version : Vivado v.2020.1 (win64) Build 2902540 Wed May 27 19:54:49 MDT 2020
| Date         : Sat May  2 15:53:14 2026
| Host         : CO2041-13 running 64-bit major release  (build 9200)
| Command      : upgrade_ip
| Device       : xc7z020clg484-1
------------------------------------------------------------------------------------

Upgrade Log for IP 'final_proj_analog_channel_fr_0_2'

1. Summary
----------

SUCCESS in the conversion of final_proj_analog_channel_fr_0_2 (iastate.edu:user:analog_channel_fr:1.0 (Rev. 8)) to Vivado generation flows.






Copyright 1986-2020 Xilinx, Inc. All Rights Reserved.
------------------------------------------------------------------------------------
| Tool Version : Vivado v.2020.1 (win64) Build 2902540 Wed May 27 19:54:49 MDT 2020
| Date         : Sat May  2 15:45:57 2026
| Host         : CO2041-13 running 64-bit major release  (build 9200)
| Command      : upgrade_ip
| Device       : xc7z020clg484-1
------------------------------------------------------------------------------------

Upgrade Log for IP 'final_proj_analog_channel_fr_0_2'

1. Summary
----------

SUCCESS in the conversion of final_proj_analog_channel_fr_0_2 (iastate.edu:user:analog_channel_fr:1.0 (Rev. 8)) to Vivado generation flows.






Copyright 1986-2020 Xilinx, Inc. All Rights Reserved.
------------------------------------------------------------------------------------
| Tool Version : Vivado v.2020.1 (win64) Build 2902540 Wed May 27 19:54:49 MDT 2020
| Date         : Sat May  2 15:29:59 2026
| Host         : CO2041-13 running 64-bit major release  (build 9200)
| Command      : upgrade_ip
| Device       : xc7z020clg484-1
------------------------------------------------------------------------------------

Upgrade Log for IP 'final_proj_analog_channel_fr_0_2'

1. Summary
----------

SUCCESS in the conversion of final_proj_analog_channel_fr_0_2 (iastate.edu:user:analog_channel_fr:1.0 (Rev. 8)) to Vivado generation flows.

