
*** Running vivado
    with args -log digital_channel_v1_0.vds -m64 -product Vivado -mode batch -messageDb vivado.pb -notrace -source digital_channel_v1_0.tcl



****** Vivado v2020.1 (64-bit)
  **** SW Build 2902540 on Wed May 27 19:54:49 MDT 2020
  **** IP Build 2902112 on Wed May 27 22:43:36 MDT 2020
    ** Copyright 1986-2020 Xilinx, Inc. All Rights Reserved.

source digital_channel_v1_0.tcl -notrace
INFO: [IP_Flow 19-234] Refreshing IP repositories
INFO: [IP_Flow 19-1700] Loaded user IP repository 'c:/Temp/sa2-final/ip_repo/axi_digital_channel_1.0'.
WARNING: [IP_Flow 19-2207] Repository 'c:/Temp/sa2-final/ip_repo/axi_digital_channel_1.0' already exists; ignoring attempt to add it again.
INFO: [IP_Flow 19-1700] Loaded user IP repository 'c:/Temp/sa2-final/ip_repo/axi_digital_channel_1.0'.
INFO: [IP_Flow 19-1700] Loaded user IP repository 'c:/Temp/sa2-final/digital_channel/digital_channel_1.0'.
WARNING: [IP_Flow 19-2207] Repository 'c:/Temp/sa2-final/digital_channel/digital_channel_1.0' already exists; ignoring attempt to add it again.
INFO: [IP_Flow 19-1700] Loaded user IP repository 'c:/Temp/sa2-final/digital_channel/digital_channel_1.0'.
INFO: [IP_Flow 19-2313] Loaded Vivado IP repository 'C:/Xilinx/Vivado/2020.1/data/ip'.
Command: synth_design -top digital_channel_v1_0 -part xc7z020clg484-1
Starting synth_design
Attempting to get a license for feature 'Synthesis' and/or device 'xc7z020'
INFO: [Common 17-349] Got license for feature 'Synthesis' and/or device 'xc7z020'
INFO: [Synth 8-7079] Multithreading enabled for synth_design using a maximum of 2 processes.
INFO: [Synth 8-7078] Launching helper process for spawning children vivado processes
INFO: [Synth 8-7075] Helper process launched with PID 12224
---------------------------------------------------------------------------------
Starting Synthesize : Time (s): cpu = 00:00:02 ; elapsed = 00:00:02 . Memory (MB): peak = 1013.523 ; gain = 0.000
---------------------------------------------------------------------------------
WARNING: [Synth 8-1090] 'analyzer_channel' is not compiled in library work [C:/Temp/sa2-final/digital_channel/digital_channel_1.0/hdl/digital_channel_v1_0_S00_AXI.vhd:395]
Abnormal program termination (EXCEPTION_ACCESS_VIOLATION)
Please check 'C:/Temp/sa2-final/digital_channel/edit_digital_channel_v1_0.runs/synth_1/hs_err_pid20124.log' for details
