
*** Running vivado
    with args -log digital_channel_la_v1_0.vds -m64 -product Vivado -mode batch -messageDb vivado.pb -notrace -source digital_channel_la_v1_0.tcl



****** Vivado v2020.1 (64-bit)
  **** SW Build 2902540 on Wed May 27 19:54:49 MDT 2020
  **** IP Build 2902112 on Wed May 27 22:43:36 MDT 2020
    ** Copyright 1986-2020 Xilinx, Inc. All Rights Reserved.

source digital_channel_la_v1_0.tcl -notrace
INFO: [IP_Flow 19-234] Refreshing IP repositories
INFO: [IP_Flow 19-1700] Loaded user IP repository 'c:/Temp/sa2-final/ip_repo/digital_channel_la_1.0'.
INFO: [IP_Flow 19-1700] Loaded user IP repository 'c:/Temp/sa2-final/ip_repo/axi_digital_channel_1.0'.
WARNING: [IP_Flow 19-2207] Repository 'c:/Temp/sa2-final/ip_repo/axi_digital_channel_1.0' already exists; ignoring attempt to add it again.
INFO: [IP_Flow 19-1700] Loaded user IP repository 'c:/Temp/sa2-final/ip_repo/axi_digital_channel_1.0'.
INFO: [IP_Flow 19-1700] Loaded user IP repository 'c:/Temp/sa2-final/digital_channel/digital_channel_1.0'.
WARNING: [IP_Flow 19-2207] Repository 'c:/Temp/sa2-final/digital_channel/digital_channel_1.0' already exists; ignoring attempt to add it again.
INFO: [IP_Flow 19-1700] Loaded user IP repository 'c:/Temp/sa2-final/digital_channel/digital_channel_1.0'.
INFO: [IP_Flow 19-2313] Loaded Vivado IP repository 'C:/Xilinx/Vivado/2020.1/data/ip'.
WARNING: [filemgmt 56-99] Vivado Synthesis ignores library specification for Verilog or SystemVerilog files. [C:/Temp/sa2-final/ip_repo/digital_channel_la_1.0/hdl/digital_channel_la_v1_0_S00_AXI.v:]
WARNING: [filemgmt 56-99] Vivado Synthesis ignores library specification for Verilog or SystemVerilog files. [C:/Temp/sa2-final/ip_repo/digital_channel_la_1.0/hdl/digital_channel_la_v1_0.v:]
Command: synth_design -top digital_channel_la_v1_0 -part xc7z020clg484-1
Starting synth_design
Attempting to get a license for feature 'Synthesis' and/or device 'xc7z020'
INFO: [Common 17-349] Got license for feature 'Synthesis' and/or device 'xc7z020'
INFO: [Synth 8-7079] Multithreading enabled for synth_design using a maximum of 2 processes.
INFO: [Synth 8-7078] Launching helper process for spawning children vivado processes
INFO: [Synth 8-7075] Helper process launched with PID 20216
WARNING: [Synth 8-6901] identifier 'sample_done' is used before its declaration [C:/Temp/sa2-final/ip_repo/digital_channel_la_1.0/hdl/digital_channel_la_v1_0_S00_AXI.v:250]
---------------------------------------------------------------------------------
Starting Synthesize : Time (s): cpu = 00:00:02 ; elapsed = 00:00:02 . Memory (MB): peak = 1013.840 ; gain = 0.000
---------------------------------------------------------------------------------
INFO: [Synth 8-6157] synthesizing module 'digital_channel_la_v1_0' [C:/Temp/sa2-final/ip_repo/digital_channel_la_1.0/hdl/digital_channel_la_v1_0.v:4]
	Parameter C_S00_AXI_DATA_WIDTH bound to: 32 - type: integer 
	Parameter C_S00_AXI_ADDR_WIDTH bound to: 5 - type: integer 
INFO: [Synth 8-6157] synthesizing module 'digital_channel_la_v1_0_S00_AXI' [C:/Temp/sa2-final/ip_repo/digital_channel_la_1.0/hdl/digital_channel_la_v1_0_S00_AXI.v:4]
	Parameter C_S_AXI_DATA_WIDTH bound to: 32 - type: integer 
	Parameter C_S_AXI_ADDR_WIDTH bound to: 5 - type: integer 
	Parameter ADDR_LSB bound to: 2 - type: integer 
	Parameter OPT_MEM_ADDR_BITS bound to: 2 - type: integer 
INFO: [Synth 8-226] default block is never used [C:/Temp/sa2-final/ip_repo/digital_channel_la_1.0/hdl/digital_channel_la_v1_0_S00_AXI.v:255]
INFO: [Synth 8-226] default block is never used [C:/Temp/sa2-final/ip_repo/digital_channel_la_1.0/hdl/digital_channel_la_v1_0_S00_AXI.v:428]
INFO: [Synth 8-6157] synthesizing module 'analyzer_channel' [C:/Temp/sa2-final/digital_channel/digital_channel_1.0/src/analyzer_channel.v:23]
INFO: [Synth 8-6157] synthesizing module 'downsample' [C:/Temp/sa2-final/digital_channel/digital_channel_1.0/src/downsample.v:23]
INFO: [Synth 8-6155] done synthesizing module 'downsample' (1#1) [C:/Temp/sa2-final/digital_channel/digital_channel_1.0/src/downsample.v:23]
INFO: [Synth 8-6157] synthesizing module 'trigger' [C:/Temp/sa2-final/digital_channel/digital_channel_1.0/src/trigger.v:27]
INFO: [Synth 8-6155] done synthesizing module 'trigger' (2#1) [C:/Temp/sa2-final/digital_channel/digital_channel_1.0/src/trigger.v:27]
INFO: [Synth 8-6157] synthesizing module 'sig_streamer' [C:/Temp/sa2-final/digital_channel/digital_channel_1.0/src/sig_streamer.v:1]
INFO: [Synth 8-6155] done synthesizing module 'sig_streamer' (3#1) [C:/Temp/sa2-final/digital_channel/digital_channel_1.0/src/sig_streamer.v:1]
INFO: [Synth 8-6157] synthesizing module 'buffer' [C:/Temp/sa2-final/digital_channel/digital_channel_1.0/src/buffer.v:26]
INFO: [Synth 8-6155] done synthesizing module 'buffer' (4#1) [C:/Temp/sa2-final/digital_channel/digital_channel_1.0/src/buffer.v:26]
INFO: [Synth 8-6155] done synthesizing module 'analyzer_channel' (5#1) [C:/Temp/sa2-final/digital_channel/digital_channel_1.0/src/analyzer_channel.v:23]
WARNING: [Synth 8-689] width (32) of port connection 'buf_addr_i' does not match port width (10) of module 'analyzer_channel' [C:/Temp/sa2-final/ip_repo/digital_channel_la_1.0/hdl/digital_channel_la_v1_0_S00_AXI.v:480]
WARNING: [Synth 8-689] width (1) of port connection 'buf_do_o' does not match port width (32) of module 'analyzer_channel' [C:/Temp/sa2-final/ip_repo/digital_channel_la_1.0/hdl/digital_channel_la_v1_0_S00_AXI.v:482]
INFO: [Synth 8-6155] done synthesizing module 'digital_channel_la_v1_0_S00_AXI' (6#1) [C:/Temp/sa2-final/ip_repo/digital_channel_la_1.0/hdl/digital_channel_la_v1_0_S00_AXI.v:4]
INFO: [Synth 8-6155] done synthesizing module 'digital_channel_la_v1_0' (7#1) [C:/Temp/sa2-final/ip_repo/digital_channel_la_1.0/hdl/digital_channel_la_v1_0.v:4]
---------------------------------------------------------------------------------
Finished Synthesize : Time (s): cpu = 00:00:02 ; elapsed = 00:00:03 . Memory (MB): peak = 1013.840 ; gain = 0.000
---------------------------------------------------------------------------------
---------------------------------------------------------------------------------
Finished Constraint Validation : Time (s): cpu = 00:00:02 ; elapsed = 00:00:03 . Memory (MB): peak = 1013.840 ; gain = 0.000
---------------------------------------------------------------------------------
---------------------------------------------------------------------------------
Start Loading Part and Timing Information
---------------------------------------------------------------------------------
Loading part: xc7z020clg484-1
---------------------------------------------------------------------------------
Finished Loading Part and Timing Information : Time (s): cpu = 00:00:02 ; elapsed = 00:00:03 . Memory (MB): peak = 1013.840 ; gain = 0.000
---------------------------------------------------------------------------------
INFO: [Device 21-403] Loading part xc7z020clg484-1
---------------------------------------------------------------------------------
Finished RTL Optimization Phase 2 : Time (s): cpu = 00:00:03 ; elapsed = 00:00:03 . Memory (MB): peak = 1013.840 ; gain = 0.000
---------------------------------------------------------------------------------
No constraint files found.
---------------------------------------------------------------------------------
Start RTL Component Statistics 
---------------------------------------------------------------------------------
Detailed RTL Component Info : 
+---Adders : 
	   2 Input   11 Bit       Adders := 1     
	   2 Input    5 Bit       Adders := 2     
+---Registers : 
	               34 Bit    Registers := 1     
	               32 Bit    Registers := 11    
	               11 Bit    Registers := 1     
	                5 Bit    Registers := 4     
	                2 Bit    Registers := 2     
	                1 Bit    Registers := 11    
+---RAMs : 
	              32K Bit	(1024 X 32 bit)          RAMs := 1     
+---Muxes : 
	   2 Input   34 Bit        Muxes := 1     
	   2 Input   32 Bit        Muxes := 14    
	   8 Input   32 Bit        Muxes := 9     
	   3 Input   32 Bit        Muxes := 1     
	   2 Input   11 Bit        Muxes := 1     
	   2 Input   10 Bit        Muxes := 1     
	   2 Input    8 Bit        Muxes := 5     
	   2 Input    5 Bit        Muxes := 2     
	   3 Input    1 Bit        Muxes := 1     
	   2 Input    1 Bit        Muxes := 14    
	   4 Input    1 Bit        Muxes := 1     
---------------------------------------------------------------------------------
Finished RTL Component Statistics 
---------------------------------------------------------------------------------
---------------------------------------------------------------------------------
Start Part Resource Summary
---------------------------------------------------------------------------------
Part Resources:
DSPs: 220 (col length:60)
BRAMs: 280 (col length: RAMB18 60 RAMB36 30)
---------------------------------------------------------------------------------
Finished Part Resource Summary
---------------------------------------------------------------------------------
No constraint files found.
---------------------------------------------------------------------------------
Start Cross Boundary and Area Optimization
---------------------------------------------------------------------------------
---------------------------------------------------------------------------------
Finished Cross Boundary and Area Optimization : Time (s): cpu = 00:00:05 ; elapsed = 00:00:06 . Memory (MB): peak = 1013.840 ; gain = 0.000
---------------------------------------------------------------------------------
---------------------------------------------------------------------------------
Start ROM, RAM, DSP and Shift Register Reporting
---------------------------------------------------------------------------------

Block RAM: Preliminary Mapping	Report (see note below)
+------------------------+------------------------------------------------------+------------------------+---+---+------------------------+---+---+------------------+--------+--------+
|Module Name             | RTL Object                                           | PORT A (Depth x Width) | W | R | PORT B (Depth x Width) | W | R | Ports driving FF | RAMB18 | RAMB36 | 
+------------------------+------------------------------------------------------+------------------------+---+---+------------------------+---+---+------------------+--------+--------+
|digital_channel_la_v1_0 | digital_channel_la_v1_0_S00_AXI_inst/ch/buff/RAM_reg | 1 K x 1(WRITE_FIRST)   | W | R |                        |   |   | Port A           | 1      | 0      | 
+------------------------+------------------------------------------------------+------------------------+---+---+------------------------+---+---+------------------+--------+--------+

Note: The table above is a preliminary report that shows the Block RAMs at the current stage of the synthesis flow. Some Block RAMs may be reimplemented as non Block RAM primitives later in the synthesis flow. Multiple instantiated Block RAMs are reported only once. 
---------------------------------------------------------------------------------
Finished ROM, RAM, DSP and Shift Register Reporting
---------------------------------------------------------------------------------
No constraint files found.
---------------------------------------------------------------------------------
Start Timing Optimization
---------------------------------------------------------------------------------
---------------------------------------------------------------------------------
Finished Timing Optimization : Time (s): cpu = 00:00:05 ; elapsed = 00:00:06 . Memory (MB): peak = 1013.840 ; gain = 0.000
---------------------------------------------------------------------------------
---------------------------------------------------------------------------------
Start ROM, RAM, DSP and Shift Register Reporting
---------------------------------------------------------------------------------

Block RAM: Final Mapping	Report
+------------------------+------------------------------------------------------+------------------------+---+---+------------------------+---+---+------------------+--------+--------+
|Module Name             | RTL Object                                           | PORT A (Depth x Width) | W | R | PORT B (Depth x Width) | W | R | Ports driving FF | RAMB18 | RAMB36 | 
+------------------------+------------------------------------------------------+------------------------+---+---+------------------------+---+---+------------------+--------+--------+
|digital_channel_la_v1_0 | digital_channel_la_v1_0_S00_AXI_inst/ch/buff/RAM_reg | 1 K x 1(WRITE_FIRST)   | W | R |                        |   |   | Port A           | 1      | 0      | 
+------------------------+------------------------------------------------------+------------------------+---+---+------------------------+---+---+------------------+--------+--------+

---------------------------------------------------------------------------------
Finished ROM, RAM, DSP and Shift Register Reporting
---------------------------------------------------------------------------------
---------------------------------------------------------------------------------
Start Technology Mapping
---------------------------------------------------------------------------------
INFO: [Synth 8-7052] The timing for the instance digital_channel_la_v1_0_S00_AXI_inst/ch/buff/RAM_reg (implemented as a Block RAM) might be sub-optimal as no optional output register could be merged into the ram block. Providing additional output register may help in improving timing.
---------------------------------------------------------------------------------
Finished Technology Mapping : Time (s): cpu = 00:00:05 ; elapsed = 00:00:06 . Memory (MB): peak = 1013.840 ; gain = 0.000
---------------------------------------------------------------------------------
---------------------------------------------------------------------------------
Start IO Insertion
---------------------------------------------------------------------------------
---------------------------------------------------------------------------------
Start Flattening Before IO Insertion
---------------------------------------------------------------------------------
---------------------------------------------------------------------------------
Finished Flattening Before IO Insertion
---------------------------------------------------------------------------------
---------------------------------------------------------------------------------
Start Final Netlist Cleanup
---------------------------------------------------------------------------------
---------------------------------------------------------------------------------
Finished Final Netlist Cleanup
---------------------------------------------------------------------------------
---------------------------------------------------------------------------------
Finished IO Insertion : Time (s): cpu = 00:00:06 ; elapsed = 00:00:07 . Memory (MB): peak = 1013.840 ; gain = 0.000
---------------------------------------------------------------------------------
---------------------------------------------------------------------------------
Start Renaming Generated Instances
---------------------------------------------------------------------------------
---------------------------------------------------------------------------------
Finished Renaming Generated Instances : Time (s): cpu = 00:00:06 ; elapsed = 00:00:07 . Memory (MB): peak = 1013.840 ; gain = 0.000
---------------------------------------------------------------------------------
---------------------------------------------------------------------------------
Start Rebuilding User Hierarchy
---------------------------------------------------------------------------------
---------------------------------------------------------------------------------
Finished Rebuilding User Hierarchy : Time (s): cpu = 00:00:06 ; elapsed = 00:00:07 . Memory (MB): peak = 1013.840 ; gain = 0.000
---------------------------------------------------------------------------------
---------------------------------------------------------------------------------
Start Renaming Generated Ports
---------------------------------------------------------------------------------
---------------------------------------------------------------------------------
Finished Renaming Generated Ports : Time (s): cpu = 00:00:06 ; elapsed = 00:00:07 . Memory (MB): peak = 1013.840 ; gain = 0.000
---------------------------------------------------------------------------------
---------------------------------------------------------------------------------
Start Handling Custom Attributes
---------------------------------------------------------------------------------
---------------------------------------------------------------------------------
Finished Handling Custom Attributes : Time (s): cpu = 00:00:06 ; elapsed = 00:00:07 . Memory (MB): peak = 1013.840 ; gain = 0.000
---------------------------------------------------------------------------------
---------------------------------------------------------------------------------
Start Renaming Generated Nets
---------------------------------------------------------------------------------
---------------------------------------------------------------------------------
Finished Renaming Generated Nets : Time (s): cpu = 00:00:06 ; elapsed = 00:00:07 . Memory (MB): peak = 1013.840 ; gain = 0.000
---------------------------------------------------------------------------------
---------------------------------------------------------------------------------
Start Writing Synthesis Report
---------------------------------------------------------------------------------

Report BlackBoxes: 
+-+--------------+----------+
| |BlackBox name |Instances |
+-+--------------+----------+
+-+--------------+----------+

Report Cell Usage: 
+------+---------+------+
|      |Cell     |Count |
+------+---------+------+
|1     |BUFG     |     1|
|2     |CARRY4   |    14|
|3     |LUT1     |     1|
|4     |LUT2     |    74|
|5     |LUT3     |    19|
|6     |LUT4     |    25|
|7     |LUT5     |    34|
|8     |LUT6     |   128|
|9     |MUXF7    |    32|
|10    |RAMB18E1 |     1|
|11    |FDCE     |    87|
|12    |FDRE     |   299|
|13    |FDSE     |     1|
|14    |IBUF     |    50|
|15    |OBUF     |    75|
|16    |OBUFT    |    96|
+------+---------+------+

Report Instance Areas: 
+------+---------------------------------------+--------------------------------+------+
|      |Instance                               |Module                          |Cells |
+------+---------------------------------------+--------------------------------+------+
|1     |top                                    |                                |   937|
|2     |  digital_channel_la_v1_0_S00_AXI_inst |digital_channel_la_v1_0_S00_AXI |   715|
|3     |    ch                                 |analyzer_channel                |   249|
|4     |      buff                             |buffer                          |     2|
|5     |      downsamp                         |downsample                      |    89|
|6     |      stream                           |sig_streamer                    |    60|
|7     |      trig                             |trigger                         |    98|
+------+---------------------------------------+--------------------------------+------+
---------------------------------------------------------------------------------
Finished Writing Synthesis Report : Time (s): cpu = 00:00:06 ; elapsed = 00:00:07 . Memory (MB): peak = 1013.840 ; gain = 0.000
---------------------------------------------------------------------------------
Synthesis finished with 0 errors, 0 critical warnings and 3 warnings.
Synthesis Optimization Runtime : Time (s): cpu = 00:00:06 ; elapsed = 00:00:07 . Memory (MB): peak = 1013.840 ; gain = 0.000
Synthesis Optimization Complete : Time (s): cpu = 00:00:06 ; elapsed = 00:00:07 . Memory (MB): peak = 1013.840 ; gain = 0.000
INFO: [Project 1-571] Translating synthesized netlist
Netlist sorting complete. Time (s): cpu = 00:00:00 ; elapsed = 00:00:00.004 . Memory (MB): peak = 1013.840 ; gain = 0.000
INFO: [Netlist 29-17] Analyzing 47 Unisim elements for replacement
INFO: [Netlist 29-28] Unisim Transformation completed in 0 CPU seconds
INFO: [Project 1-570] Preparing netlist for logic optimization
INFO: [Opt 31-138] Pushed 0 inverter(s) to 0 load pin(s).
Netlist sorting complete. Time (s): cpu = 00:00:00 ; elapsed = 00:00:00 . Memory (MB): peak = 1013.840 ; gain = 0.000
INFO: [Project 1-111] Unisim Transformation Summary:
No Unisim elements were transformed.

INFO: [Common 17-83] Releasing license: Synthesis
36 Infos, 7 Warnings, 0 Critical Warnings and 0 Errors encountered.
synth_design completed successfully
synth_design: Time (s): cpu = 00:00:08 ; elapsed = 00:00:10 . Memory (MB): peak = 1013.840 ; gain = 0.000
INFO: [Common 17-1381] The checkpoint 'C:/Temp/sa2-final/ip_repo/edit_digital_channel_la_v1_0.runs/synth_1/digital_channel_la_v1_0.dcp' has been generated.
INFO: [runtcl-4] Executing : report_utilization -file digital_channel_la_v1_0_utilization_synth.rpt -pb digital_channel_la_v1_0_utilization_synth.pb
INFO: [Common 17-206] Exiting Vivado at Thu Apr 23 19:20:51 2026...
