
*** Running vivado
    with args -log digital_channel_la_v1_0.vdi -applog -m64 -product Vivado -messageDb vivado.pb -mode batch -source digital_channel_la_v1_0.tcl -notrace



****** Vivado v2020.1 (64-bit)
  **** SW Build 2902540 on Wed May 27 19:54:49 MDT 2020
  **** IP Build 2902112 on Wed May 27 22:43:36 MDT 2020
    ** Copyright 1986-2020 Xilinx, Inc. All Rights Reserved.

source digital_channel_la_v1_0.tcl -notrace
INFO: [IP_Flow 19-234] Refreshing IP repositories
INFO: [IP_Flow 19-1700] Loaded user IP repository 'c:/Temp/sa2-final/ip_repo/digital_channel_la_1.0'.
INFO: [IP_Flow 19-1700] Loaded user IP repository 'c:/Temp/sa2-final/ip_repo/axi_digital_channel_1.0'.
WARNING: [IP_Flow 19-2207] Repository 'c:/Temp/sa2-final/ip_repo/axi_digital_channel_1.0' already exists; ignoring attempt to add it again.
INFO: [IP_Flow 19-1700] Loaded user IP repository 'c:/Temp/sa2-final/ip_repo/axi_digital_channel_1.0'.
INFO: [IP_Flow 19-1700] Loaded user IP repository 'c:/Temp/sa2-final/digital_channel/digital_channel_1.0'.
WARNING: [IP_Flow 19-2207] Repository 'c:/Temp/sa2-final/digital_channel/digital_channel_1.0' already exists; ignoring attempt to add it again.
INFO: [IP_Flow 19-1700] Loaded user IP repository 'c:/Temp/sa2-final/digital_channel/digital_channel_1.0'.
INFO: [IP_Flow 19-2313] Loaded Vivado IP repository 'C:/Xilinx/Vivado/2020.1/data/ip'.
Command: link_design -top digital_channel_la_v1_0 -part xc7z020clg484-1
Design is defaulting to srcset: sources_1
Design is defaulting to constrset: constrs_1
INFO: [Device 21-403] Loading part xc7z020clg484-1
Netlist sorting complete. Time (s): cpu = 00:00:00 ; elapsed = 00:00:00.004 . Memory (MB): peak = 1012.754 ; gain = 0.000
INFO: [Netlist 29-17] Analyzing 15 Unisim elements for replacement
INFO: [Netlist 29-28] Unisim Transformation completed in 0 CPU seconds
INFO: [Project 1-479] Netlist was created with Vivado 2020.1
INFO: [Project 1-570] Preparing netlist for logic optimization
Netlist sorting complete. Time (s): cpu = 00:00:00 ; elapsed = 00:00:00 . Memory (MB): peak = 1012.754 ; gain = 0.000
INFO: [Project 1-111] Unisim Transformation Summary:
No Unisim elements were transformed.

13 Infos, 2 Warnings, 0 Critical Warnings and 0 Errors encountered.
link_design completed successfully
Command: opt_design
Attempting to get a license for feature 'Implementation' and/or device 'xc7z020'
INFO: [Common 17-349] Got license for feature 'Implementation' and/or device 'xc7z020'
Running DRC as a precondition to command opt_design

Starting DRC Task
INFO: [DRC 23-27] Running DRC with 2 threads
INFO: [Project 1-461] DRC finished with 0 Errors
INFO: [Project 1-462] Please refer to the DRC report (report_drc) for more information.

Time (s): cpu = 00:00:01 ; elapsed = 00:00:00.421 . Memory (MB): peak = 1012.754 ; gain = 0.000

Starting Cache Timing Information Task
INFO: [Timing 38-35] Done setting XDC timing constraints.
Ending Cache Timing Information Task | Checksum: be065e39

Time (s): cpu = 00:00:03 ; elapsed = 00:00:04 . Memory (MB): peak = 1280.266 ; gain = 267.512

Starting Logic Optimization Task

Phase 1 Retarget
INFO: [Opt 31-138] Pushed 0 inverter(s) to 0 load pin(s).
INFO: [Opt 31-49] Retargeted 0 cell(s).
Phase 1 Retarget | Checksum: be065e39

Time (s): cpu = 00:00:00 ; elapsed = 00:00:00.024 . Memory (MB): peak = 1482.445 ; gain = 0.000
INFO: [Opt 31-389] Phase Retarget created 0 cells and removed 0 cells

Phase 2 Constant propagation
INFO: [Opt 31-138] Pushed 0 inverter(s) to 0 load pin(s).
Phase 2 Constant propagation | Checksum: be065e39

Time (s): cpu = 00:00:00 ; elapsed = 00:00:00.027 . Memory (MB): peak = 1482.445 ; gain = 0.000
INFO: [Opt 31-389] Phase Constant propagation created 0 cells and removed 0 cells

Phase 3 Sweep
Phase 3 Sweep | Checksum: 589331d0

Time (s): cpu = 00:00:00 ; elapsed = 00:00:00.032 . Memory (MB): peak = 1482.445 ; gain = 0.000
INFO: [Opt 31-389] Phase Sweep created 0 cells and removed 0 cells

Phase 4 BUFG optimization
Phase 4 BUFG optimization | Checksum: 589331d0

Time (s): cpu = 00:00:00 ; elapsed = 00:00:00.038 . Memory (MB): peak = 1482.445 ; gain = 0.000
INFO: [Opt 31-662] Phase BUFG optimization created 0 cells of which 0 are BUFGs and removed 0 cells.

Phase 5 Shift Register Optimization
INFO: [Opt 31-1064] SRL Remap converted 0 SRLs to 0 registers and converted 0 registers of register chains to 0 SRLs
Phase 5 Shift Register Optimization | Checksum: 589331d0

Time (s): cpu = 00:00:00 ; elapsed = 00:00:00.042 . Memory (MB): peak = 1482.445 ; gain = 0.000
INFO: [Opt 31-389] Phase Shift Register Optimization created 0 cells and removed 0 cells

Phase 6 Post Processing Netlist
Phase 6 Post Processing Netlist | Checksum: 589331d0

Time (s): cpu = 00:00:00 ; elapsed = 00:00:00.044 . Memory (MB): peak = 1482.445 ; gain = 0.000
INFO: [Opt 31-389] Phase Post Processing Netlist created 0 cells and removed 0 cells
Opt_design Change Summary
=========================


-------------------------------------------------------------------------------------------------------------------------
|  Phase                        |  #Cells created  |  #Cells Removed  |  #Constrained objects preventing optimizations  |
-------------------------------------------------------------------------------------------------------------------------
|  Retarget                     |               0  |               0  |                                              0  |
|  Constant propagation         |               0  |               0  |                                              0  |
|  Sweep                        |               0  |               0  |                                              0  |
|  BUFG optimization            |               0  |               0  |                                              0  |
|  Shift Register Optimization  |               0  |               0  |                                              0  |
|  Post Processing Netlist      |               0  |               0  |                                              0  |
-------------------------------------------------------------------------------------------------------------------------



Starting Connectivity Check Task

Time (s): cpu = 00:00:00 ; elapsed = 00:00:00.001 . Memory (MB): peak = 1482.445 ; gain = 0.000
Ending Logic Optimization Task | Checksum: cc6dc586

Time (s): cpu = 00:00:00 ; elapsed = 00:00:00.049 . Memory (MB): peak = 1482.445 ; gain = 0.000

Starting Power Optimization Task
INFO: [Pwropt 34-132] Skipping clock gating for clocks with a period < 2.00 ns.
INFO: [Pwropt 34-9] Applying IDT optimizations ...
INFO: [Pwropt 34-10] Applying ODC optimizations ...
INFO: [Timing 38-35] Done setting XDC timing constraints.
WARNING: [Power 33-232] No user defined clocks were found in the design! Power estimation will be inaccurate until this is corrected.
Resolution: Please specify clocks using create_clock/create_generated_clock for sequential elements. For pure combinatorial circuits, please specify a virtual clock, otherwise the vectorless estimation might be inaccurate
Running Vector-less Activity Propagation...

Finished Running Vector-less Activity Propagation


Starting PowerOpt Patch Enables Task
INFO: [Pwropt 34-162] WRITE_MODE attribute of 0 BRAM(s) out of a total of 1 has been updated to save power. Run report_power_opt to get a complete listing of the BRAMs updated.
INFO: [Pwropt 34-201] Structural ODC has moved 0 WE to EN ports
Number of BRAM Ports augmented: 0 newly gated: 0 Total Ports: 2
Ending PowerOpt Patch Enables Task | Checksum: cc6dc586

Time (s): cpu = 00:00:00 ; elapsed = 00:00:00.005 . Memory (MB): peak = 1575.375 ; gain = 0.000
Ending Power Optimization Task | Checksum: cc6dc586

Time (s): cpu = 00:00:01 ; elapsed = 00:00:00.339 . Memory (MB): peak = 1575.375 ; gain = 92.930

Starting Final Cleanup Task
Ending Final Cleanup Task | Checksum: cc6dc586

Time (s): cpu = 00:00:00 ; elapsed = 00:00:00 . Memory (MB): peak = 1575.375 ; gain = 0.000

Starting Netlist Obfuscation Task
Netlist sorting complete. Time (s): cpu = 00:00:00 ; elapsed = 00:00:00 . Memory (MB): peak = 1575.375 ; gain = 0.000
Ending Netlist Obfuscation Task | Checksum: cc6dc586

Time (s): cpu = 00:00:00 ; elapsed = 00:00:00 . Memory (MB): peak = 1575.375 ; gain = 0.000
INFO: [Common 17-83] Releasing license: Implementation
35 Infos, 3 Warnings, 0 Critical Warnings and 0 Errors encountered.
opt_design completed successfully
opt_design: Time (s): cpu = 00:00:06 ; elapsed = 00:00:06 . Memory (MB): peak = 1575.375 ; gain = 562.621
WARNING: [Constraints 18-5210] No constraints selected for write.
Resolution: This message can indicate that there are no constraints for the design, or it can indicate that the used_in flags are set such that the constraints are ignored. This later case is used when running synth_design to not write synthesis constraints to the resulting checkpoint. Instead, project constraints are read when the synthesized design is opened.
INFO: [Common 17-1381] The checkpoint 'C:/Temp/sa2-final/ip_repo/edit_digital_channel_la_v1_0.runs/impl_1/digital_channel_la_v1_0_opt.dcp' has been generated.
INFO: [runtcl-4] Executing : report_drc -file digital_channel_la_v1_0_drc_opted.rpt -pb digital_channel_la_v1_0_drc_opted.pb -rpx digital_channel_la_v1_0_drc_opted.rpx
Command: report_drc -file digital_channel_la_v1_0_drc_opted.rpt -pb digital_channel_la_v1_0_drc_opted.pb -rpx digital_channel_la_v1_0_drc_opted.rpx
INFO: [IP_Flow 19-1839] IP Catalog is up to date.
INFO: [DRC 23-27] Running DRC with 2 threads
INFO: [Coretcl 2-168] The results of DRC are in file C:/Temp/sa2-final/ip_repo/edit_digital_channel_la_v1_0.runs/impl_1/digital_channel_la_v1_0_drc_opted.rpt.
report_drc completed successfully
Command: place_design
Attempting to get a license for feature 'Implementation' and/or device 'xc7z020'
INFO: [Common 17-349] Got license for feature 'Implementation' and/or device 'xc7z020'
INFO: [DRC 23-27] Running DRC with 2 threads
INFO: [Vivado_Tcl 4-198] DRC finished with 0 Errors
INFO: [Vivado_Tcl 4-199] Please refer to the DRC report (report_drc) for more information.
Running DRC as a precondition to command place_design
INFO: [DRC 23-27] Running DRC with 2 threads
WARNING: [DRC REQP-1840] RAMB18 async control check: The RAMB18E1 digital_channel_la_v1_0_S00_AXI_inst/ch/buff/RAM_reg has an input control pin digital_channel_la_v1_0_S00_AXI_inst/ch/buff/RAM_reg/ADDRARDADDR[10] (net: digital_channel_la_v1_0_S00_AXI_inst/ch/buff/ADDRARDADDR[6]) which is driven by a register (digital_channel_la_v1_0_S00_AXI_inst/ch/stream/buf_addr_reg[6]) that has an active asychronous set or reset. This may cause corruption of the memory contents and/or read values when the set/reset is asserted and is not analyzed by the default static timing analysis. It is suggested to eliminate the use of a set/reset to registers driving this RAMB pin or else use a synchronous reset in which the assertion of the reset is timed by default.
WARNING: [DRC REQP-1840] RAMB18 async control check: The RAMB18E1 digital_channel_la_v1_0_S00_AXI_inst/ch/buff/RAM_reg has an input control pin digital_channel_la_v1_0_S00_AXI_inst/ch/buff/RAM_reg/ADDRARDADDR[11] (net: digital_channel_la_v1_0_S00_AXI_inst/ch/buff/ADDRARDADDR[7]) which is driven by a register (digital_channel_la_v1_0_S00_AXI_inst/ch/stream/buf_addr_reg[7]) that has an active asychronous set or reset. This may cause corruption of the memory contents and/or read values when the set/reset is asserted and is not analyzed by the default static timing analysis. It is suggested to eliminate the use of a set/reset to registers driving this RAMB pin or else use a synchronous reset in which the assertion of the reset is timed by default.
WARNING: [DRC REQP-1840] RAMB18 async control check: The RAMB18E1 digital_channel_la_v1_0_S00_AXI_inst/ch/buff/RAM_reg has an input control pin digital_channel_la_v1_0_S00_AXI_inst/ch/buff/RAM_reg/ADDRARDADDR[12] (net: digital_channel_la_v1_0_S00_AXI_inst/ch/buff/ADDRARDADDR[8]) which is driven by a register (digital_channel_la_v1_0_S00_AXI_inst/ch/stream/buf_addr_reg[8]) that has an active asychronous set or reset. This may cause corruption of the memory contents and/or read values when the set/reset is asserted and is not analyzed by the default static timing analysis. It is suggested to eliminate the use of a set/reset to registers driving this RAMB pin or else use a synchronous reset in which the assertion of the reset is timed by default.
WARNING: [DRC REQP-1840] RAMB18 async control check: The RAMB18E1 digital_channel_la_v1_0_S00_AXI_inst/ch/buff/RAM_reg has an input control pin digital_channel_la_v1_0_S00_AXI_inst/ch/buff/RAM_reg/ADDRARDADDR[13] (net: digital_channel_la_v1_0_S00_AXI_inst/ch/buff/ADDRARDADDR[9]) which is driven by a register (digital_channel_la_v1_0_S00_AXI_inst/ch/stream/buf_addr_reg[9]) that has an active asychronous set or reset. This may cause corruption of the memory contents and/or read values when the set/reset is asserted and is not analyzed by the default static timing analysis. It is suggested to eliminate the use of a set/reset to registers driving this RAMB pin or else use a synchronous reset in which the assertion of the reset is timed by default.
WARNING: [DRC REQP-1840] RAMB18 async control check: The RAMB18E1 digital_channel_la_v1_0_S00_AXI_inst/ch/buff/RAM_reg has an input control pin digital_channel_la_v1_0_S00_AXI_inst/ch/buff/RAM_reg/ADDRARDADDR[4] (net: digital_channel_la_v1_0_S00_AXI_inst/ch/buff/ADDRARDADDR[0]) which is driven by a register (digital_channel_la_v1_0_S00_AXI_inst/ch/stream/buf_addr_reg[0]) that has an active asychronous set or reset. This may cause corruption of the memory contents and/or read values when the set/reset is asserted and is not analyzed by the default static timing analysis. It is suggested to eliminate the use of a set/reset to registers driving this RAMB pin or else use a synchronous reset in which the assertion of the reset is timed by default.
WARNING: [DRC REQP-1840] RAMB18 async control check: The RAMB18E1 digital_channel_la_v1_0_S00_AXI_inst/ch/buff/RAM_reg has an input control pin digital_channel_la_v1_0_S00_AXI_inst/ch/buff/RAM_reg/ADDRARDADDR[5] (net: digital_channel_la_v1_0_S00_AXI_inst/ch/buff/ADDRARDADDR[1]) which is driven by a register (digital_channel_la_v1_0_S00_AXI_inst/ch/stream/buf_addr_reg[1]) that has an active asychronous set or reset. This may cause corruption of the memory contents and/or read values when the set/reset is asserted and is not analyzed by the default static timing analysis. It is suggested to eliminate the use of a set/reset to registers driving this RAMB pin or else use a synchronous reset in which the assertion of the reset is timed by default.
WARNING: [DRC REQP-1840] RAMB18 async control check: The RAMB18E1 digital_channel_la_v1_0_S00_AXI_inst/ch/buff/RAM_reg has an input control pin digital_channel_la_v1_0_S00_AXI_inst/ch/buff/RAM_reg/ADDRARDADDR[6] (net: digital_channel_la_v1_0_S00_AXI_inst/ch/buff/ADDRARDADDR[2]) which is driven by a register (digital_channel_la_v1_0_S00_AXI_inst/ch/stream/buf_addr_reg[2]) that has an active asychronous set or reset. This may cause corruption of the memory contents and/or read values when the set/reset is asserted and is not analyzed by the default static timing analysis. It is suggested to eliminate the use of a set/reset to registers driving this RAMB pin or else use a synchronous reset in which the assertion of the reset is timed by default.
WARNING: [DRC REQP-1840] RAMB18 async control check: The RAMB18E1 digital_channel_la_v1_0_S00_AXI_inst/ch/buff/RAM_reg has an input control pin digital_channel_la_v1_0_S00_AXI_inst/ch/buff/RAM_reg/ADDRARDADDR[7] (net: digital_channel_la_v1_0_S00_AXI_inst/ch/buff/ADDRARDADDR[3]) which is driven by a register (digital_channel_la_v1_0_S00_AXI_inst/ch/stream/buf_addr_reg[3]) that has an active asychronous set or reset. This may cause corruption of the memory contents and/or read values when the set/reset is asserted and is not analyzed by the default static timing analysis. It is suggested to eliminate the use of a set/reset to registers driving this RAMB pin or else use a synchronous reset in which the assertion of the reset is timed by default.
WARNING: [DRC REQP-1840] RAMB18 async control check: The RAMB18E1 digital_channel_la_v1_0_S00_AXI_inst/ch/buff/RAM_reg has an input control pin digital_channel_la_v1_0_S00_AXI_inst/ch/buff/RAM_reg/ADDRARDADDR[8] (net: digital_channel_la_v1_0_S00_AXI_inst/ch/buff/ADDRARDADDR[4]) which is driven by a register (digital_channel_la_v1_0_S00_AXI_inst/ch/stream/buf_addr_reg[4]) that has an active asychronous set or reset. This may cause corruption of the memory contents and/or read values when the set/reset is asserted and is not analyzed by the default static timing analysis. It is suggested to eliminate the use of a set/reset to registers driving this RAMB pin or else use a synchronous reset in which the assertion of the reset is timed by default.
WARNING: [DRC REQP-1840] RAMB18 async control check: The RAMB18E1 digital_channel_la_v1_0_S00_AXI_inst/ch/buff/RAM_reg has an input control pin digital_channel_la_v1_0_S00_AXI_inst/ch/buff/RAM_reg/ADDRARDADDR[9] (net: digital_channel_la_v1_0_S00_AXI_inst/ch/buff/ADDRARDADDR[5]) which is driven by a register (digital_channel_la_v1_0_S00_AXI_inst/ch/stream/buf_addr_reg[5]) that has an active asychronous set or reset. This may cause corruption of the memory contents and/or read values when the set/reset is asserted and is not analyzed by the default static timing analysis. It is suggested to eliminate the use of a set/reset to registers driving this RAMB pin or else use a synchronous reset in which the assertion of the reset is timed by default.
WARNING: [DRC REQP-1840] RAMB18 async control check: The RAMB18E1 digital_channel_la_v1_0_S00_AXI_inst/ch/buff/RAM_reg has an input control pin digital_channel_la_v1_0_S00_AXI_inst/ch/buff/RAM_reg/WEA[0] (net: digital_channel_la_v1_0_S00_AXI_inst/ch/buff/WEA[0]) which is driven by a register (digital_channel_la_v1_0_S00_AXI_inst/ch/stream/buffer_we_o_reg) that has an active asychronous set or reset. This may cause corruption of the memory contents and/or read values when the set/reset is asserted and is not analyzed by the default static timing analysis. It is suggested to eliminate the use of a set/reset to registers driving this RAMB pin or else use a synchronous reset in which the assertion of the reset is timed by default.
WARNING: [DRC REQP-1840] RAMB18 async control check: The RAMB18E1 digital_channel_la_v1_0_S00_AXI_inst/ch/buff/RAM_reg has an input control pin digital_channel_la_v1_0_S00_AXI_inst/ch/buff/RAM_reg/WEA[1] (net: digital_channel_la_v1_0_S00_AXI_inst/ch/buff/WEA[0]) which is driven by a register (digital_channel_la_v1_0_S00_AXI_inst/ch/stream/buffer_we_o_reg) that has an active asychronous set or reset. This may cause corruption of the memory contents and/or read values when the set/reset is asserted and is not analyzed by the default static timing analysis. It is suggested to eliminate the use of a set/reset to registers driving this RAMB pin or else use a synchronous reset in which the assertion of the reset is timed by default.
INFO: [Vivado_Tcl 4-198] DRC finished with 0 Errors, 12 Warnings
INFO: [Vivado_Tcl 4-199] Please refer to the DRC report (report_drc) for more information.

Starting Placer Task
INFO: [Place 30-611] Multithreading enabled for place_design using a maximum of 2 CPUs

Phase 1 Placer Initialization

Phase 1.1 Placer Initialization Netlist Sorting
Netlist sorting complete. Time (s): cpu = 00:00:00 ; elapsed = 00:00:00 . Memory (MB): peak = 1575.375 ; gain = 0.000
Phase 1.1 Placer Initialization Netlist Sorting | Checksum: 5a6edc56

Time (s): cpu = 00:00:00 ; elapsed = 00:00:00.002 . Memory (MB): peak = 1575.375 ; gain = 0.000
Netlist sorting complete. Time (s): cpu = 00:00:00 ; elapsed = 00:00:00 . Memory (MB): peak = 1575.375 ; gain = 0.000

Phase 1.2 IO Placement/ Clock Placement/ Build Placer Device
INFO: [Timing 38-35] Done setting XDC timing constraints.
ERROR: [Place 30-58] IO placement is infeasible. Number of unplaced terminals (221) is greater than number of available sites (200).
The following are banks with available pins: 
ERROR: [Place 30-374] IO placer failed to find a solution
Below is the partial placement that can be analyzed to see if any constraint modifications will make the IO placement problem easier to solve.

+-------------------------------------------------------------------------------------------------------------------------------------------------------------------------+
|                                                                     IO Placement : Bank Stats                                                                           |
+----+-------+-------+------------------------------------------------------------------------+------------------------------------------+--------+--------+--------+-----+
| Id | Pins  | Terms |                               Standards                                |                IDelayCtrls               |  VREF  |  VCCO  |   VR   | DCI |
+----+-------+-------+------------------------------------------------------------------------+------------------------------------------+--------+--------+--------+-----+
|  0 |     0 |     0 |                                                                        |                                          |        |        |        |     |
| 13 |    50 |     0 |                                                                        |                                          |        |        |        |     |
| 33 |    50 |     0 |                                                                        |                                          |        |        |        |     |
| 34 |    50 |     0 |                                                                        |                                          |        |        |        |     |
| 35 |    50 |     0 |                                                                        |                                          |        |        |        |     |
+----+-------+-------+------------------------------------------------------------------------+------------------------------------------+--------+--------+--------+-----+
|    |   200 |     0 |                                                                        |                                          |        |        |        |     |
+----+-------+-------+------------------------------------------------------------------------+------------------------------------------+--------+--------+--------+-----+

IO Placement:
+--------+----------------------+-----------------+----------------------+----------------------+----------------------+
| BankId |             Terminal | Standard        | Site                 | Pin                  | Attributes           |
+--------+----------------------+-----------------+----------------------+----------------------+----------------------+

Phase 1.2 IO Placement/ Clock Placement/ Build Placer Device | Checksum: 0f7f63e6

Time (s): cpu = 00:00:01 ; elapsed = 00:00:00.272 . Memory (MB): peak = 1575.375 ; gain = 0.000
Phase 1 Placer Initialization | Checksum: 0f7f63e6

Time (s): cpu = 00:00:01 ; elapsed = 00:00:00.273 . Memory (MB): peak = 1575.375 ; gain = 0.000
ERROR: [Place 30-99] Placer failed with error: 'IO Clock Placer failed'
Please review all ERROR, CRITICAL WARNING, and WARNING messages during placement to understand the cause for failure.
Ending Placer Task | Checksum: 0f7f63e6

Time (s): cpu = 00:00:01 ; elapsed = 00:00:00.273 . Memory (MB): peak = 1575.375 ; gain = 0.000
INFO: [Common 17-83] Releasing license: Implementation
50 Infos, 16 Warnings, 0 Critical Warnings and 4 Errors encountered.
place_design failed
ERROR: [Common 17-69] Command failed: Placer could not place all instances
INFO: [Common 17-206] Exiting Vivado at Mon Apr 27 15:51:27 2026...
